This is pdfTeX, Version 3.14159265-2.6-1.40.17 (TeX Live 2016) (preloaded format=pdflatex 2017.7.17)  30 OCT 2017 12:59
entering extended mode
 \write18 enabled.
 %&-line parsing enabled.
**p.tex
(./p.tex
LaTeX2e <2016/03/31>
Babel <3.9r> and hyphenation patterns for 3 language(s) loaded.
(/usr/share/texlive/texmf-dist/tex/latex/base/book.cls
Document Class: book 2014/09/29 v1.4h Standard LaTeX document class
(/usr/share/texlive/texmf-dist/tex/latex/base/bk10.clo
File: bk10.clo 2014/09/29 v1.4h Standard LaTeX file (size option)
)
\c@part=\count79
\c@chapter=\count80
\c@section=\count81
\c@subsection=\count82
\c@subsubsection=\count83
\c@paragraph=\count84
\c@subparagraph=\count85
\c@figure=\count86
\c@table=\count87
\abovecaptionskip=\skip41
\belowcaptionskip=\skip42
\bibindent=\dimen102
)
(/usr/share/texlive/texmf-dist/tex/latex/xcolor/xcolor.sty
Package: xcolor 2016/05/11 v2.12 LaTeX color extensions (UK)

(/usr/share/texlive/texmf-dist/tex/latex/graphics-cfg/color.cfg
File: color.cfg 2016/01/02 v1.6 sample color configuration
)
Package xcolor Info: Driver file: pdftex.def on input line 225.

(/usr/share/texlive/texmf-dist/tex/latex/graphics-def/pdftex.def
File: pdftex.def 2016/07/10 v0.06j Graphics/color for pdfTeX

(/usr/share/texlive/texmf-dist/tex/generic/oberdiek/infwarerr.sty
Package: infwarerr 2016/05/16 v1.4 Providing info/warning/error messages (HO)
)
(/usr/share/texlive/texmf-dist/tex/generic/oberdiek/ltxcmds.sty
Package: ltxcmds 2016/05/16 v1.23 LaTeX kernel commands for general use (HO)
)
\Gread@gobject=\count88
)
Package xcolor Info: Model `cmy' substituted by `cmy0' on input line 1348.
Package xcolor Info: Model `hsb' substituted by `rgb' on input line 1352.
Package xcolor Info: Model `RGB' extended on input line 1364.
Package xcolor Info: Model `HTML' substituted by `rgb' on input line 1366.
Package xcolor Info: Model `Hsb' substituted by `hsb' on input line 1367.
Package xcolor Info: Model `tHsb' substituted by `hsb' on input line 1368.
Package xcolor Info: Model `HSB' substituted by `hsb' on input line 1369.
Package xcolor Info: Model `Gray' substituted by `gray' on input line 1370.
Package xcolor Info: Model `wave' substituted by `hsb' on input line 1371.

(/usr/share/texlive/texmf-dist/tex/latex/graphics/dvipsnam.def
File: dvipsnam.def 2015/12/30 v3.0k Driver-dependent file (DPC,SPQR)
))
(./packages-commands.tex
(/usr/share/texlive/texmf-dist/tex/latex/amsmath/amsmath.sty
Package: amsmath 2016/06/28 v2.15d AMS math features
\@mathmargin=\skip43

For additional information on amsmath, use the `?' option.
(/usr/share/texlive/texmf-dist/tex/latex/amsmath/amstext.sty
Package: amstext 2000/06/29 v2.01 AMS text

(/usr/share/texlive/texmf-dist/tex/latex/amsmath/amsgen.sty
File: amsgen.sty 1999/11/30 v2.0 generic functions
\@emptytoks=\toks14
\ex@=\dimen103
))
(/usr/share/texlive/texmf-dist/tex/latex/amsmath/amsbsy.sty
Package: amsbsy 1999/11/29 v1.2d Bold Symbols
\pmbraise@=\dimen104
)
(/usr/share/texlive/texmf-dist/tex/latex/amsmath/amsopn.sty
Package: amsopn 2016/03/08 v2.02 operator names
)
\inf@bad=\count89
LaTeX Info: Redefining \frac on input line 199.
\uproot@=\count90
\leftroot@=\count91
LaTeX Info: Redefining \overline on input line 297.
\classnum@=\count92
\DOTSCASE@=\count93
LaTeX Info: Redefining \ldots on input line 394.
LaTeX Info: Redefining \dots on input line 397.
LaTeX Info: Redefining \cdots on input line 518.
\Mathstrutbox@=\box26
\strutbox@=\box27
\big@size=\dimen105
LaTeX Font Info:    Redeclaring font encoding OML on input line 634.
LaTeX Font Info:    Redeclaring font encoding OMS on input line 635.
\macc@depth=\count94
\c@MaxMatrixCols=\count95
\dotsspace@=\muskip10
\c@parentequation=\count96
\dspbrk@lvl=\count97
\tag@help=\toks15
\row@=\count98
\column@=\count99
\maxfields@=\count100
\andhelp@=\toks16
\eqnshift@=\dimen106
\alignsep@=\dimen107
\tagshift@=\dimen108
\tagwidth@=\dimen109
\totwidth@=\dimen110
\lineht@=\dimen111
\@envbody=\toks17
\multlinegap=\skip44
\multlinetaggap=\skip45
\mathdisplay@stack=\toks18
LaTeX Info: Redefining \[ on input line 2739.
LaTeX Info: Redefining \] on input line 2740.
)
(/usr/share/texlive/texmf-dist/tex/latex/amscls/amsthm.sty
Package: amsthm 2015/03/04 v2.20.2
\thm@style=\toks19
\thm@bodyfont=\toks20
\thm@headfont=\toks21
\thm@notefont=\toks22
\thm@headpunct=\toks23
\thm@preskip=\skip46
\thm@postskip=\skip47
\thm@headsep=\skip48
\dth@everypar=\toks24
)
(/usr/share/texlive/texmf-dist/tex/latex/algorithms/algorithm.sty
Package: algorithm 2009/08/24 v0.1 Document Style `algorithm' - floating enviro
nment

(/usr/share/texlive/texmf-dist/tex/latex/float/float.sty
Package: float 2001/11/08 v1.3d Float enhancements (AL)
\c@float@type=\count101
\float@exts=\toks25
\float@box=\box28
\@float@everytoks=\toks26
\@floatcapt=\box29
)
(/usr/share/texlive/texmf-dist/tex/latex/base/ifthen.sty
Package: ifthen 2014/09/29 v1.1c Standard LaTeX ifthen package (DPC)
)
\@float@every@algorithm=\toks27
\c@algorithm=\count102
)
(/usr/share/texlive/texmf-dist/tex/latex/algorithmicx/algpseudocode.sty
Package: algpseudocode 

(/usr/share/texlive/texmf-dist/tex/latex/algorithmicx/algorithmicx.sty
Package: algorithmicx 2005/04/27 v1.2 Algorithmicx

Document Style algorithmicx 1.2 - a greatly improved `algorithmic' style
\c@ALG@line=\count103
\c@ALG@rem=\count104
\c@ALG@nested=\count105
\ALG@tlm=\skip49
\ALG@thistlm=\skip50
\c@ALG@Lnr=\count106
\c@ALG@blocknr=\count107
\c@ALG@storecount=\count108
\c@ALG@tmpcounter=\count109
\ALG@tmplength=\skip51
)
Document Style - pseudocode environments for use with the `algorithmicx' style
) (/usr/share/texlive/texmf-dist/tex/latex/mdframed/mdframed.sty
Package: mdframed 2013/07/01 1.9b: mdframed

(/usr/share/texlive/texmf-dist/tex/latex/oberdiek/kvoptions.sty
Package: kvoptions 2016/05/16 v3.12 Key value format for package options (HO)

(/usr/share/texlive/texmf-dist/tex/latex/graphics/keyval.sty
Package: keyval 2014/10/28 v1.15 key=value parser (DPC)
\KV@toks@=\toks28
)
(/usr/share/texlive/texmf-dist/tex/generic/oberdiek/kvsetkeys.sty
Package: kvsetkeys 2016/05/16 v1.17 Key value parser (HO)

(/usr/share/texlive/texmf-dist/tex/generic/oberdiek/etexcmds.sty
Package: etexcmds 2016/05/16 v1.6 Avoid name clashes with e-TeX commands (HO)

(/usr/share/texlive/texmf-dist/tex/generic/oberdiek/ifluatex.sty
Package: ifluatex 2016/05/16 v1.4 Provides the ifluatex switch (HO)
Package ifluatex Info: LuaTeX not detected.
)
Package etexcmds Info: Could not find \expanded.
(etexcmds)             That can mean that you are not using pdfTeX 1.50 or
(etexcmds)             that some package has redefined \expanded.
(etexcmds)             In the latter case, load this package earlier.
)))
(/usr/share/texlive/texmf-dist/tex/latex/l3packages/xparse/xparse.sty
(/usr/share/texlive/texmf-dist/tex/latex/l3kernel/expl3.sty
Package: expl3 2016/05/18 v6512 L3 programming layer (loader) 

(/usr/share/texlive/texmf-dist/tex/latex/l3kernel/expl3-code.tex
Package: expl3 2016/05/18 v6512 L3 programming layer (code)
L3 Module: l3bootstrap 2016/02/12 v6412 L3 Bootstrap code
L3 Module: l3names 2016/03/11 v6433 L3 Namespace for primitives
L3 Module: l3basics 2015/11/22 v6315 L3 Basic definitions
L3 Module: l3expan 2015/09/10 v5983 L3 Argument expansion
L3 Module: l3tl 2016/03/26 v6465 L3 Token lists
L3 Module: l3str 2016/03/24 v6441 L3 Strings
L3 Module: l3seq 2015/08/05 v5777 L3 Sequences and stacks
L3 Module: l3int 2016/03/24 v6441 L3 Integers
\c_max_int=\count110
\l_tmpa_int=\count111
\l_tmpb_int=\count112
\g_tmpa_int=\count113
\g_tmpb_int=\count114
L3 Module: l3quark 2015/08/17 v5855 L3 Quarks
L3 Module: l3prg 2015/11/01 v6216 L3 Control structures
\g__prg_map_int=\count115
L3 Module: l3clist 2015/09/02 v5901 L3 Comma separated lists
L3 Module: l3token 2016/04/03 v6470 L3 Experimental token manipulation
L3 Module: l3prop 2016/01/05 v6366 L3 Property lists
L3 Module: l3msg 2016/03/26 v6464 L3 Messages
L3 Module: l3file 2016/03/25 v6458 L3 File and I/O operations
\l_iow_line_count_int=\count116
\l__iow_target_count_int=\count117
\l__iow_current_line_int=\count118
\l__iow_current_word_int=\count119
\l__iow_current_indentation_int=\count120
L3 Module: l3skip 2016/01/05 v6366 L3 Dimensions and skips
\c_zero_dim=\dimen112
\c_max_dim=\dimen113
\l_tmpa_dim=\dimen114
\l_tmpb_dim=\dimen115
\g_tmpa_dim=\dimen116
\g_tmpb_dim=\dimen117
\c_zero_skip=\skip52
\c_max_skip=\skip53
\l_tmpa_skip=\skip54
\l_tmpb_skip=\skip55
\g_tmpa_skip=\skip56
\g_tmpb_skip=\skip57
\c_zero_muskip=\muskip11
\c_max_muskip=\muskip12
\l_tmpa_muskip=\muskip13
\l_tmpb_muskip=\muskip14
\g_tmpa_muskip=\muskip15
\g_tmpb_muskip=\muskip16
L3 Module: l3keys 2015/11/17 v6284 L3 Key-value interfaces
\g__keyval_level_int=\count121
\l_keys_choice_int=\count122
L3 Module: l3fp 2016/03/26 v6465 L3 Floating points
\c__fp_leading_shift_int=\count123
\c__fp_middle_shift_int=\count124
\c__fp_trailing_shift_int=\count125
\c__fp_big_leading_shift_int=\count126
\c__fp_big_middle_shift_int=\count127
\c__fp_big_trailing_shift_int=\count128
\c__fp_Bigg_leading_shift_int=\count129
\c__fp_Bigg_middle_shift_int=\count130
\c__fp_Bigg_trailing_shift_int=\count131
L3 Module: l3box 2015/08/09 v5822 L3 Experimental boxes
\c_empty_box=\box30
\l_tmpa_box=\box31
\l_tmpb_box=\box32
\g_tmpa_box=\box33
\g_tmpb_box=\box34
L3 Module: l3coffins 2016/05/17 v6508 L3 Coffin code layer
\l__coffin_internal_box=\box35
\l__coffin_internal_dim=\dimen118
\l__coffin_offset_x_dim=\dimen119
\l__coffin_offset_y_dim=\dimen120
\l__coffin_x_dim=\dimen121
\l__coffin_y_dim=\dimen122
\l__coffin_x_prime_dim=\dimen123
\l__coffin_y_prime_dim=\dimen124
\c_empty_coffin=\box36
\l__coffin_aligned_coffin=\box37
\l__coffin_aligned_internal_coffin=\box38
\l_tmpa_coffin=\box39
\l_tmpb_coffin=\box40
\l__coffin_display_coffin=\box41
\l__coffin_display_coord_coffin=\box42
\l__coffin_display_pole_coffin=\box43
\l__coffin_display_offset_dim=\dimen125
\l__coffin_display_x_dim=\dimen126
\l__coffin_display_y_dim=\dimen127
L3 Module: l3color 2014/08/23 v5354 L3 Experimental color support
L3 Module: l3sys 2015/09/25 v6087 L3 Experimental system/runtime functions
L3 Module: l3candidates 2016/05/13 v6484 L3 Experimental additions to l3kernel
\l__box_top_dim=\dimen128
\l__box_bottom_dim=\dimen129
\l__box_left_dim=\dimen130
\l__box_right_dim=\dimen131
\l__box_top_new_dim=\dimen132
\l__box_bottom_new_dim=\dimen133
\l__box_left_new_dim=\dimen134
\l__box_right_new_dim=\dimen135
\l__box_internal_box=\box44
\l__coffin_bounding_shift_dim=\dimen136
\l__coffin_left_corner_dim=\dimen137
\l__coffin_right_corner_dim=\dimen138
\l__coffin_bottom_corner_dim=\dimen139
\l__coffin_top_corner_dim=\dimen140
\l__coffin_scaled_total_height_dim=\dimen141
\l__coffin_scaled_width_dim=\dimen142
L3 Module: l3luatex 2016/03/26 v6465 L3 Experimental LuaTeX-specific functions
)
(/usr/share/texlive/texmf-dist/tex/latex/l3kernel/l3pdfmode.def
File: l3pdfmode.def 2016/03/26 v6465 L3 Experimental driver: PDF mode
\l__driver_color_stack_int=\count132
\l__driver_tmp_box=\box45
))
Package: xparse 2016/05/18 v6512 L3 Experimental document command parser
\l__xparse_current_arg_int=\count133
\l__xparse_m_args_int=\count134
\l__xparse_mandatory_args_int=\count135
\l__xparse_processor_int=\count136
\l__xparse_v_nesting_int=\count137
)
(/usr/share/texlive/texmf-dist/tex/latex/etoolbox/etoolbox.sty
Package: etoolbox 2015/08/02 v2.2a e-TeX tools for LaTeX (JAW)
\etb@tempcnta=\count138
)
(/usr/share/texlive/texmf-dist/tex/latex/oberdiek/zref-abspage.sty
Package: zref-abspage 2016/05/21 v2.26 Module abspage for zref (HO)

(/usr/share/texlive/texmf-dist/tex/latex/oberdiek/zref-base.sty
Package: zref-base 2016/05/21 v2.26 Module base for zref (HO)

(/usr/share/texlive/texmf-dist/tex/generic/oberdiek/kvdefinekeys.sty
Package: kvdefinekeys 2016/05/16 v1.4 Define keys (HO)
)
(/usr/share/texlive/texmf-dist/tex/generic/oberdiek/pdftexcmds.sty
Package: pdftexcmds 2016/05/21 v0.22 Utility functions of pdfTeX for LuaTeX (HO
)

(/usr/share/texlive/texmf-dist/tex/generic/oberdiek/ifpdf.sty
Package: ifpdf 2016/05/14 v3.1 Provides the ifpdf switch
)
Package pdftexcmds Info: LuaTeX not detected.
Package pdftexcmds Info: \pdf@primitive is available.
Package pdftexcmds Info: \pdf@ifprimitive is available.
Package pdftexcmds Info: \pdfdraftmode found.
)
(/usr/share/texlive/texmf-dist/tex/latex/oberdiek/auxhook.sty
Package: auxhook 2016/05/16 v1.4 Hooks for auxiliary files (HO)
)
Package zref Info: New property list: main on input line 759.
Package zref Info: New property: default on input line 760.
Package zref Info: New property: page on input line 761.
)
(/usr/share/texlive/texmf-dist/tex/generic/oberdiek/atbegshi.sty
Package: atbegshi 2016/06/09 v1.18 At begin shipout hook (HO)
)
\c@abspage=\count139
Package zref Info: New property: abspage on input line 62.
)
(/usr/share/texlive/texmf-dist/tex/latex/needspace/needspace.sty
Package: needspace 2010/09/12 v1.3d reserve vertical space
)
\mdf@templength=\skip58
\c@mdf@globalstyle@cnt=\count140
\mdf@skipabove@length=\skip59
\mdf@skipbelow@length=\skip60
\mdf@leftmargin@length=\skip61
\mdf@rightmargin@length=\skip62
\mdf@innerleftmargin@length=\skip63
\mdf@innerrightmargin@length=\skip64
\mdf@innertopmargin@length=\skip65
\mdf@innerbottommargin@length=\skip66
\mdf@splittopskip@length=\skip67
\mdf@splitbottomskip@length=\skip68
\mdf@outermargin@length=\skip69
\mdf@innermargin@length=\skip70
\mdf@linewidth@length=\skip71
\mdf@innerlinewidth@length=\skip72
\mdf@middlelinewidth@length=\skip73
\mdf@outerlinewidth@length=\skip74
\mdf@roundcorner@length=\skip75
\mdf@footenotedistance@length=\skip76
\mdf@userdefinedwidth@length=\skip77
\mdf@needspace@length=\skip78
\mdf@frametitleaboveskip@length=\skip79
\mdf@frametitlebelowskip@length=\skip80
\mdf@frametitlerulewidth@length=\skip81
\mdf@frametitleleftmargin@length=\skip82
\mdf@frametitlerightmargin@length=\skip83
\mdf@shadowsize@length=\skip84
\mdf@extratopheight@length=\skip85
\mdf@subtitleabovelinewidth@length=\skip86
\mdf@subtitlebelowlinewidth@length=\skip87
\mdf@subtitleaboveskip@length=\skip88
\mdf@subtitlebelowskip@length=\skip89
\mdf@subtitleinneraboveskip@length=\skip90
\mdf@subtitleinnerbelowskip@length=\skip91
\mdf@subsubtitleabovelinewidth@length=\skip92
\mdf@subsubtitlebelowlinewidth@length=\skip93
\mdf@subsubtitleaboveskip@length=\skip94
\mdf@subsubtitlebelowskip@length=\skip95
\mdf@subsubtitleinneraboveskip@length=\skip96
\mdf@subsubtitleinnerbelowskip@length=\skip97

(/usr/share/texlive/texmf-dist/tex/latex/mdframed/md-frame-0.mdf
File: md-frame-0.mdf 2013/07/01\ 1.9b: md-frame-0
)
\mdf@frametitlebox=\box46
\mdf@footnotebox=\box47
\mdf@splitbox@one=\box48
\mdf@splitbox@two=\box49
\mdf@splitbox@save=\box50
\mdfsplitboxwidth=\skip98
\mdfsplitboxtotalwidth=\skip99
\mdfsplitboxheight=\skip100
\mdfsplitboxdepth=\skip101
\mdfsplitboxtotalheight=\skip102
\mdfframetitleboxwidth=\skip103
\mdfframetitleboxtotalwidth=\skip104
\mdfframetitleboxheight=\skip105
\mdfframetitleboxdepth=\skip106
\mdfframetitleboxtotalheight=\skip107
\mdffootnoteboxwidth=\skip108
\mdffootnoteboxtotalwidth=\skip109
\mdffootnoteboxheight=\skip110
\mdffootnoteboxdepth=\skip111
\mdffootnoteboxtotalheight=\skip112
\mdftotallinewidth=\skip113
\mdfboundingboxwidth=\skip114
\mdfboundingboxtotalwidth=\skip115
\mdfboundingboxheight=\skip116
\mdfboundingboxdepth=\skip117
\mdfboundingboxtotalheight=\skip118
\mdf@freevspace@length=\skip119
\mdf@horizontalwidthofbox@length=\skip120
\mdf@verticalmarginwhole@length=\skip121
\mdf@horizontalspaceofbox=\skip122
\mdfsubtitleheight=\skip123
\mdfsubsubtitleheight=\skip124
\c@mdfcountframes=\count141

****** mdframed patching \endmdf@trivlist

****** -- success******

.................................................
. LaTeX info: "xparse/define-command"
. 
. Defining command \newmdtheoremenv with sig. 'O{} m o m o ' on line 601.
.................................................
.................................................
. LaTeX info: "xparse/define-command"
. 
. Defining command \mdtheorem with sig. ' O{} m o m o ' on line 701.
.................................................
\mdf@envdepth=\count142
\c@mdf@env@i=\count143
\c@mdf@env@ii=\count144
\c@mdf@zref@counter=\count145
Package zref Info: New property: mdf@pagevalue on input line 895.
)
\c@example=\count146
\c@rquest=\count147
\c@observation=\count148
\c@corollary=\count149
\c@proposition=\count150

(/usr/share/texlive/texmf-dist/tex/latex/caption/subcaption.sty
Package: subcaption 2016/05/22 v1.1-161 Sub-captions (AR)

(/usr/share/texlive/texmf-dist/tex/latex/caption/caption.sty
Package: caption 2016/02/21 v3.3-144 Customizing captions (AR)

(/usr/share/texlive/texmf-dist/tex/latex/caption/caption3.sty
Package: caption3 2016/05/22 v1.7-166 caption3 kernel (AR)
Package caption3 Info: TeX engine: e-TeX on input line 67.
\captionmargin=\dimen143
\captionmargin@=\dimen144
\captionwidth=\dimen145
\caption@tempdima=\dimen146
\caption@indent=\dimen147
\caption@parindent=\dimen148
\caption@hangindent=\dimen149
)
\c@ContinuedFloat=\count151
Package caption Info: float package is loaded.
)
\c@subfigure=\count152
\c@subtable=\count153
)
(/usr/share/texlive/texmf-dist/tex/latex/amsfonts/amsfonts.sty
Package: amsfonts 2013/01/14 v3.01 Basic AMSFonts support
\symAMSa=\mathgroup4
\symAMSb=\mathgroup5
LaTeX Font Info:    Overwriting math alphabet `\mathfrak' in version `bold'
(Font)                  U/euf/m/n --> U/euf/b/n on input line 106.
)
(/usr/share/texlive/texmf-dist/tex/latex/pgf/frontendlayer/tikz.sty
(/usr/share/texlive/texmf-dist/tex/latex/pgf/basiclayer/pgf.sty
(/usr/share/texlive/texmf-dist/tex/latex/pgf/utilities/pgfrcs.sty
(/usr/share/texlive/texmf-dist/tex/generic/pgf/utilities/pgfutil-common.tex
\pgfutil@everybye=\toks29
\pgfutil@tempdima=\dimen150
\pgfutil@tempdimb=\dimen151

(/usr/share/texlive/texmf-dist/tex/generic/pgf/utilities/pgfutil-common-lists.t
ex)) (/usr/share/texlive/texmf-dist/tex/generic/pgf/utilities/pgfutil-latex.def
\pgfutil@abb=\box51
(/usr/share/texlive/texmf-dist/tex/latex/ms/everyshi.sty
Package: everyshi 2001/05/15 v3.00 EveryShipout Package (MS)
))
(/usr/share/texlive/texmf-dist/tex/generic/pgf/utilities/pgfrcs.code.tex
Package: pgfrcs 2015/08/07 v3.0.1a (rcs-revision 1.31)
))
Package: pgf 2015/08/07 v3.0.1a (rcs-revision 1.15)

(/usr/share/texlive/texmf-dist/tex/latex/pgf/basiclayer/pgfcore.sty
(/usr/share/texlive/texmf-dist/tex/latex/graphics/graphicx.sty
Package: graphicx 2014/10/28 v1.0g Enhanced LaTeX Graphics (DPC,SPQR)

(/usr/share/texlive/texmf-dist/tex/latex/graphics/graphics.sty
Package: graphics 2016/05/09 v1.0r Standard LaTeX Graphics (DPC,SPQR)

(/usr/share/texlive/texmf-dist/tex/latex/graphics/trig.sty
Package: trig 2016/01/03 v1.10 sin cos tan (DPC)
)
(/usr/share/texlive/texmf-dist/tex/latex/graphics-cfg/graphics.cfg
File: graphics.cfg 2016/01/02 v1.10 sample graphics configuration
)
Package graphics Info: Driver file: pdftex.def on input line 96.
)
\Gin@req@height=\dimen152
\Gin@req@width=\dimen153
)
(/usr/share/texlive/texmf-dist/tex/latex/pgf/systemlayer/pgfsys.sty
(/usr/share/texlive/texmf-dist/tex/generic/pgf/systemlayer/pgfsys.code.tex
Package: pgfsys 2014/07/09 v3.0.1a (rcs-revision 1.48)

(/usr/share/texlive/texmf-dist/tex/generic/pgf/utilities/pgfkeys.code.tex
\pgfkeys@pathtoks=\toks30
\pgfkeys@temptoks=\toks31

(/usr/share/texlive/texmf-dist/tex/generic/pgf/utilities/pgfkeysfiltered.code.t
ex
\pgfkeys@tmptoks=\toks32
))
\pgf@x=\dimen154
\pgf@y=\dimen155
\pgf@xa=\dimen156
\pgf@ya=\dimen157
\pgf@xb=\dimen158
\pgf@yb=\dimen159
\pgf@xc=\dimen160
\pgf@yc=\dimen161
\w@pgf@writea=\write3
\r@pgf@reada=\read1
\c@pgf@counta=\count154
\c@pgf@countb=\count155
\c@pgf@countc=\count156
\c@pgf@countd=\count157
\t@pgf@toka=\toks33
\t@pgf@tokb=\toks34
\t@pgf@tokc=\toks35
 (/usr/share/texlive/texmf-dist/tex/generic/pgf/systemlayer/pgf.cfg
File: pgf.cfg 2008/05/14  (rcs-revision 1.7)
)
Driver file for pgf: pgfsys-pdftex.def

(/usr/share/texlive/texmf-dist/tex/generic/pgf/systemlayer/pgfsys-pdftex.def
File: pgfsys-pdftex.def 2014/10/11  (rcs-revision 1.35)

(/usr/share/texlive/texmf-dist/tex/generic/pgf/systemlayer/pgfsys-common-pdf.de
f
File: pgfsys-common-pdf.def 2013/10/10  (rcs-revision 1.13)
)))
(/usr/share/texlive/texmf-dist/tex/generic/pgf/systemlayer/pgfsyssoftpath.code.
tex
File: pgfsyssoftpath.code.tex 2013/09/09  (rcs-revision 1.9)
\pgfsyssoftpath@smallbuffer@items=\count158
\pgfsyssoftpath@bigbuffer@items=\count159
)
(/usr/share/texlive/texmf-dist/tex/generic/pgf/systemlayer/pgfsysprotocol.code.
tex
File: pgfsysprotocol.code.tex 2006/10/16  (rcs-revision 1.4)
))
(/usr/share/texlive/texmf-dist/tex/generic/pgf/basiclayer/pgfcore.code.tex
Package: pgfcore 2010/04/11 v3.0.1a (rcs-revision 1.7)

(/usr/share/texlive/texmf-dist/tex/generic/pgf/math/pgfmath.code.tex
(/usr/share/texlive/texmf-dist/tex/generic/pgf/math/pgfmathcalc.code.tex
(/usr/share/texlive/texmf-dist/tex/generic/pgf/math/pgfmathutil.code.tex)
(/usr/share/texlive/texmf-dist/tex/generic/pgf/math/pgfmathparser.code.tex
\pgfmath@dimen=\dimen162
\pgfmath@count=\count160
\pgfmath@box=\box52
\pgfmath@toks=\toks36
\pgfmath@stack@operand=\toks37
\pgfmath@stack@operation=\toks38
)
(/usr/share/texlive/texmf-dist/tex/generic/pgf/math/pgfmathfunctions.code.tex
(/usr/share/texlive/texmf-dist/tex/generic/pgf/math/pgfmathfunctions.basic.code
.tex)
(/usr/share/texlive/texmf-dist/tex/generic/pgf/math/pgfmathfunctions.trigonomet
ric.code.tex)
(/usr/share/texlive/texmf-dist/tex/generic/pgf/math/pgfmathfunctions.random.cod
e.tex)
(/usr/share/texlive/texmf-dist/tex/generic/pgf/math/pgfmathfunctions.comparison
.code.tex)
(/usr/share/texlive/texmf-dist/tex/generic/pgf/math/pgfmathfunctions.base.code.
tex)
(/usr/share/texlive/texmf-dist/tex/generic/pgf/math/pgfmathfunctions.round.code
.tex)
(/usr/share/texlive/texmf-dist/tex/generic/pgf/math/pgfmathfunctions.misc.code.
tex)
(/usr/share/texlive/texmf-dist/tex/generic/pgf/math/pgfmathfunctions.integerari
thmetics.code.tex)))
(/usr/share/texlive/texmf-dist/tex/generic/pgf/math/pgfmathfloat.code.tex
\c@pgfmathroundto@lastzeros=\count161
))
(/usr/share/texlive/texmf-dist/tex/generic/pgf/basiclayer/pgfcorepoints.code.te
x
File: pgfcorepoints.code.tex 2013/10/07  (rcs-revision 1.27)
\pgf@picminx=\dimen163
\pgf@picmaxx=\dimen164
\pgf@picminy=\dimen165
\pgf@picmaxy=\dimen166
\pgf@pathminx=\dimen167
\pgf@pathmaxx=\dimen168
\pgf@pathminy=\dimen169
\pgf@pathmaxy=\dimen170
\pgf@xx=\dimen171
\pgf@xy=\dimen172
\pgf@yx=\dimen173
\pgf@yy=\dimen174
\pgf@zx=\dimen175
\pgf@zy=\dimen176
)
(/usr/share/texlive/texmf-dist/tex/generic/pgf/basiclayer/pgfcorepathconstruct.
code.tex
File: pgfcorepathconstruct.code.tex 2013/10/07  (rcs-revision 1.29)
\pgf@path@lastx=\dimen177
\pgf@path@lasty=\dimen178
)
(/usr/share/texlive/texmf-dist/tex/generic/pgf/basiclayer/pgfcorepathusage.code
.tex
File: pgfcorepathusage.code.tex 2014/11/02  (rcs-revision 1.24)
\pgf@shorten@end@additional=\dimen179
\pgf@shorten@start@additional=\dimen180
)
(/usr/share/texlive/texmf-dist/tex/generic/pgf/basiclayer/pgfcorescopes.code.te
x
File: pgfcorescopes.code.tex 2015/05/08  (rcs-revision 1.46)
\pgfpic=\box53
\pgf@hbox=\box54
\pgf@layerbox@main=\box55
\pgf@picture@serial@count=\count162
)
(/usr/share/texlive/texmf-dist/tex/generic/pgf/basiclayer/pgfcoregraphicstate.c
ode.tex
File: pgfcoregraphicstate.code.tex 2014/11/02  (rcs-revision 1.12)
\pgflinewidth=\dimen181
)
(/usr/share/texlive/texmf-dist/tex/generic/pgf/basiclayer/pgfcoretransformation
s.code.tex
File: pgfcoretransformations.code.tex 2015/08/07  (rcs-revision 1.20)
\pgf@pt@x=\dimen182
\pgf@pt@y=\dimen183
\pgf@pt@temp=\dimen184
)
(/usr/share/texlive/texmf-dist/tex/generic/pgf/basiclayer/pgfcorequick.code.tex
File: pgfcorequick.code.tex 2008/10/09  (rcs-revision 1.3)
)
(/usr/share/texlive/texmf-dist/tex/generic/pgf/basiclayer/pgfcoreobjects.code.t
ex
File: pgfcoreobjects.code.tex 2006/10/11  (rcs-revision 1.2)
)
(/usr/share/texlive/texmf-dist/tex/generic/pgf/basiclayer/pgfcorepathprocessing
.code.tex
File: pgfcorepathprocessing.code.tex 2013/09/09  (rcs-revision 1.9)
)
(/usr/share/texlive/texmf-dist/tex/generic/pgf/basiclayer/pgfcorearrows.code.te
x
File: pgfcorearrows.code.tex 2015/05/14  (rcs-revision 1.43)
\pgfarrowsep=\dimen185
)
(/usr/share/texlive/texmf-dist/tex/generic/pgf/basiclayer/pgfcoreshade.code.tex
File: pgfcoreshade.code.tex 2013/07/15  (rcs-revision 1.15)
\pgf@max=\dimen186
\pgf@sys@shading@range@num=\count163
)
(/usr/share/texlive/texmf-dist/tex/generic/pgf/basiclayer/pgfcoreimage.code.tex
File: pgfcoreimage.code.tex 2013/07/15  (rcs-revision 1.18)

(/usr/share/texlive/texmf-dist/tex/generic/pgf/basiclayer/pgfcoreexternal.code.
tex
File: pgfcoreexternal.code.tex 2014/07/09  (rcs-revision 1.21)
\pgfexternal@startupbox=\box56
))
(/usr/share/texlive/texmf-dist/tex/generic/pgf/basiclayer/pgfcorelayers.code.te
x
File: pgfcorelayers.code.tex 2013/07/18  (rcs-revision 1.7)
)
(/usr/share/texlive/texmf-dist/tex/generic/pgf/basiclayer/pgfcoretransparency.c
ode.tex
File: pgfcoretransparency.code.tex 2013/09/30  (rcs-revision 1.5)
)
(/usr/share/texlive/texmf-dist/tex/generic/pgf/basiclayer/pgfcorepatterns.code.
tex
File: pgfcorepatterns.code.tex 2013/11/07  (rcs-revision 1.5)
)))
(/usr/share/texlive/texmf-dist/tex/generic/pgf/modules/pgfmoduleshapes.code.tex
File: pgfmoduleshapes.code.tex 2014/03/21  (rcs-revision 1.35)
\pgfnodeparttextbox=\box57
) (/usr/share/texlive/texmf-dist/tex/generic/pgf/modules/pgfmoduleplot.code.tex
File: pgfmoduleplot.code.tex 2015/08/03  (rcs-revision 1.13)
)
(/usr/share/texlive/texmf-dist/tex/latex/pgf/compatibility/pgfcomp-version-0-65
.sty
Package: pgfcomp-version-0-65 2007/07/03 v3.0.1a (rcs-revision 1.7)
\pgf@nodesepstart=\dimen187
\pgf@nodesepend=\dimen188
)
(/usr/share/texlive/texmf-dist/tex/latex/pgf/compatibility/pgfcomp-version-1-18
.sty
Package: pgfcomp-version-1-18 2007/07/23 v3.0.1a (rcs-revision 1.1)
)) (/usr/share/texlive/texmf-dist/tex/latex/pgf/utilities/pgffor.sty
(/usr/share/texlive/texmf-dist/tex/latex/pgf/utilities/pgfkeys.sty
(/usr/share/texlive/texmf-dist/tex/generic/pgf/utilities/pgfkeys.code.tex))
(/usr/share/texlive/texmf-dist/tex/latex/pgf/math/pgfmath.sty
(/usr/share/texlive/texmf-dist/tex/generic/pgf/math/pgfmath.code.tex))
(/usr/share/texlive/texmf-dist/tex/generic/pgf/utilities/pgffor.code.tex
Package: pgffor 2013/12/13 v3.0.1a (rcs-revision 1.25)

(/usr/share/texlive/texmf-dist/tex/generic/pgf/math/pgfmath.code.tex)
\pgffor@iter=\dimen189
\pgffor@skip=\dimen190
\pgffor@stack=\toks39
\pgffor@toks=\toks40
))
(/usr/share/texlive/texmf-dist/tex/generic/pgf/frontendlayer/tikz/tikz.code.tex
Package: tikz 2015/08/07 v3.0.1a (rcs-revision 1.151)

(/usr/share/texlive/texmf-dist/tex/generic/pgf/libraries/pgflibraryplothandlers
.code.tex
File: pgflibraryplothandlers.code.tex 2013/08/31 v3.0.1a (rcs-revision 1.20)
\pgf@plot@mark@count=\count164
\pgfplotmarksize=\dimen191
)
\tikz@lastx=\dimen192
\tikz@lasty=\dimen193
\tikz@lastxsaved=\dimen194
\tikz@lastysaved=\dimen195
\tikzleveldistance=\dimen196
\tikzsiblingdistance=\dimen197
\tikz@figbox=\box58
\tikz@figbox@bg=\box59
\tikz@tempbox=\box60
\tikz@tempbox@bg=\box61
\tikztreelevel=\count165
\tikznumberofchildren=\count166
\tikznumberofcurrentchild=\count167
\tikz@fig@count=\count168

(/usr/share/texlive/texmf-dist/tex/generic/pgf/modules/pgfmodulematrix.code.tex
File: pgfmodulematrix.code.tex 2013/09/17  (rcs-revision 1.8)
\pgfmatrixcurrentrow=\count169
\pgfmatrixcurrentcolumn=\count170
\pgf@matrix@numberofcolumns=\count171
)
\tikz@expandcount=\count172

(/usr/share/texlive/texmf-dist/tex/generic/pgf/frontendlayer/tikz/libraries/tik
zlibrarytopaths.code.tex
File: tikzlibrarytopaths.code.tex 2008/06/17 v3.0.1a (rcs-revision 1.2)
)))
(/usr/share/texlive/texmf-dist/tex/generic/pgf/frontendlayer/tikz/libraries/tik
zlibraryarrows.code.tex
File: tikzlibraryarrows.code.tex 2008/01/09 v3.0.1a (rcs-revision 1.1)

(/usr/share/texlive/texmf-dist/tex/generic/pgf/libraries/pgflibraryarrows.code.
tex
File: pgflibraryarrows.code.tex 2013/09/23 v3.0.1a (rcs-revision 1.16)
\arrowsize=\dimen198
))
(/usr/share/texlive/texmf-dist/tex/generic/pgf/frontendlayer/tikz/libraries/tik
zlibraryautomata.code.tex
File: tikzlibraryautomata.code.tex 2008/07/14 v3.0.1a (rcs-revision 1.3)

(/usr/share/texlive/texmf-dist/tex/generic/pgf/frontendlayer/tikz/libraries/tik
zlibraryshapes.multipart.code.tex
File: tikzlibraryshapes.multipart.code.tex 2008/01/09 v3.0.1a (rcs-revision 1.1
)

(/usr/share/texlive/texmf-dist/tex/generic/pgf/libraries/shapes/pgflibraryshape
s.multipart.code.tex
File: pgflibraryshapes.multipart.code.tex 2010/01/07 v3.0.1a (rcs-revision 1.2)

\pgfnodepartlowerbox=\box62
\pgfnodeparttwobox=\box63
\pgfnodepartthreebox=\box64
\pgfnodepartfourbox=\box65
\pgfnodeparttwentybox=\box66
\pgfnodepartnineteenbox=\box67
\pgfnodeparteighteenbox=\box68
\pgfnodepartseventeenbox=\box69
\pgfnodepartsixteenbox=\box70
\pgfnodepartfifteenbox=\box71
\pgfnodepartfourteenbox=\box72
\pgfnodepartthirteenbox=\box73
\pgfnodeparttwelvebox=\box74
\pgfnodepartelevenbox=\box75
\pgfnodeparttenbox=\box76
\pgfnodepartninebox=\box77
\pgfnodeparteightbox=\box78
\pgfnodepartsevenbox=\box79
\pgfnodepartsixbox=\box80
\pgfnodepartfivebox=\box81
)))
(/usr/share/texlive/texmf-dist/tex/generic/pgf/libraries/pgflibraryarrows.meta.
code.tex
File: pgflibraryarrows.meta.code.tex 2015/05/13 v3.0.1a (rcs-revision 1.13)
\pgfarrowinset=\dimen199
\pgfarrowlength=\dimen256
\pgfarrowwidth=\dimen257
\pgfarrowlinewidth=\dimen258
)
\c@lemm=\count173
\c@exmp=\count174
\c@defn=\count175
\c@obsv=\count176
 (/usr/share/texlive/texmf-dist/tex/latex/microtype/microtype.sty
Package: microtype 2016/05/14 v2.6a Micro-typographical refinements (RS)
\MT@toks=\toks41
\MT@count=\count177
LaTeX Info: Redefining \textls on input line 774.
\MT@outer@kern=\dimen259
LaTeX Info: Redefining \textmicrotypecontext on input line 1310.
\MT@listname@count=\count178

(/usr/share/texlive/texmf-dist/tex/latex/microtype/microtype-pdftex.def
File: microtype-pdftex.def 2016/05/14 v2.6a Definitions specific to pdftex (RS)

LaTeX Info: Redefining \lsstyle on input line 916.
LaTeX Info: Redefining \lslig on input line 916.
\MT@outer@space=\skip125
)
Package microtype Info: Loading configuration file microtype.cfg.

(/usr/share/texlive/texmf-dist/tex/latex/microtype/microtype.cfg
File: microtype.cfg 2016/05/14 v2.6a microtype main configuration file (RS)
))
(/usr/share/texlive/texmf-dist/tex/latex/pgfgantt/pgfgantt.sty
Package: pgfgantt 2013/06/01 v4.0 Draw Gantt diagrams with TikZ

(/usr/share/texlive/texmf-dist/tex/generic/pgf/frontendlayer/tikz/libraries/tik
zlibrarybackgrounds.code.tex
File: tikzlibrarybackgrounds.code.tex 2013/07/18 v3.0.1a (rcs-revision 1.3)
\pgf@layerbox@background=\box82
\pgf@layerboxsaved@background=\box83
)
(/usr/share/texlive/texmf-dist/tex/generic/pgf/frontendlayer/tikz/libraries/tik
zlibrarycalc.code.tex
File: tikzlibrarycalc.code.tex 2013/07/15 v3.0.1a (rcs-revision 1.9)
)
(/usr/share/texlive/texmf-dist/tex/generic/pgf/frontendlayer/tikz/libraries/tik
zlibrarypatterns.code.tex
File: tikzlibrarypatterns.code.tex 2008/01/15 v3.0.1a (rcs-revision 1.2)

(/usr/share/texlive/texmf-dist/tex/generic/pgf/libraries/pgflibrarypatterns.cod
e.tex
File: pgflibrarypatterns.code.tex 2008/03/03 v3.0.1a (rcs-revision 1.13)
))
(/usr/share/texlive/texmf-dist/tex/generic/pgf/frontendlayer/tikz/libraries/tik
zlibrarypositioning.code.tex
File: tikzlibrarypositioning.code.tex 2008/10/06 v3.0.1a (rcs-revision 1.7)
)
(/usr/share/texlive/texmf-dist/tex/generic/pgf/frontendlayer/tikz/libraries/tik
zlibraryshapes.geometric.code.tex
File: tikzlibraryshapes.geometric.code.tex 2008/01/09 v3.0.1a (rcs-revision 1.1
)

(/usr/share/texlive/texmf-dist/tex/generic/pgf/libraries/shapes/pgflibraryshape
s.geometric.code.tex
File: pgflibraryshapes.geometric.code.tex 2008/06/26 v3.0.1a (rcs-revision 1.1)

))
(/usr/share/texlive/texmf-dist/tex/latex/pgf/utilities/pgfcalendar.sty
(/usr/share/texlive/texmf-dist/tex/generic/pgf/utilities/pgfcalendar.code.tex
File: pgfcalendar.code.tex 2007/07/23 v3.0.1a (rcs-revision 1.11)
\pgfcalendarcurrentjulian=\count179
))
\gtt@currentline=\count180
\gtt@lasttitleline=\count181
\gtt@currgrid=\count182
\gtt@chartwidth=\count183
\gtt@lasttitleslot=\count184
\gtt@elementid=\count185
\gtt@today@slot=\count186
\gtt@startjulian=\count187
\gtt@endjulian=\count188
\gtt@calendar@slots=\count189
\gtt@calendar@weeknumber=\count190
\gtt@calendar@startofweek=\count191
\gtt@left@slot=\count192
\gtt@right@slot=\count193
) (/usr/share/texlive/texmf-dist/tex/latex/eurosym/eurosym.sty
Package: eurosym 1998/08/06 v1.1 European currency symbol ``Euro''
\@eurobox=\box84
))
(/usr/share/texlive/texmf-dist/tex/latex/tools/enumerate.sty
Package: enumerate 2015/07/23 v3.00 enumerate extensions (DPC)
\@enLab=\toks42
)

LaTeX Warning: Unused global option(s):
    [9pt].

(./p.aux

LaTeX Warning: Label `ex.1' multiply defined.


LaTeX Warning: Label `P'-sisj' multiply defined.


LaTeX Warning: Label `fig-STN' multiply defined.


LaTeX Warning: Label `sub@fig-STN' multiply defined.

)
\openout1 = `p.aux'.

LaTeX Font Info:    Checking defaults for OML/cmm/m/it on input line 6.
LaTeX Font Info:    ... okay on input line 6.
LaTeX Font Info:    Checking defaults for T1/cmr/m/n on input line 6.
LaTeX Font Info:    ... okay on input line 6.
LaTeX Font Info:    Checking defaults for OT1/cmr/m/n on input line 6.
LaTeX Font Info:    ... okay on input line 6.
LaTeX Font Info:    Checking defaults for OMS/cmsy/m/n on input line 6.
LaTeX Font Info:    ... okay on input line 6.
LaTeX Font Info:    Checking defaults for OMX/cmex/m/n on input line 6.
LaTeX Font Info:    ... okay on input line 6.
LaTeX Font Info:    Checking defaults for U/cmr/m/n on input line 6.
LaTeX Font Info:    ... okay on input line 6.
 (/usr/share/texlive/texmf-dist/tex/context/base/mkii/supp-pdf.mkii
[Loading MPS to PDF converter (version 2006.09.02).]
\scratchcounter=\count194
\scratchdimen=\dimen260
\scratchbox=\box85
\nofMPsegments=\count195
\nofMParguments=\count196
\everyMPshowfont=\toks43
\MPscratchCnt=\count197
\MPscratchDim=\dimen261
\MPnumerator=\count198
\makeMPintoPDFobject=\count199
\everyMPtoPDFconversion=\toks44
) (/usr/share/texlive/texmf-dist/tex/latex/oberdiek/epstopdf-base.sty
Package: epstopdf-base 2016/05/15 v2.6 Base part for package epstopdf

(/usr/share/texlive/texmf-dist/tex/latex/oberdiek/grfext.sty
Package: grfext 2016/05/16 v1.2 Manage graphics extensions (HO)
)
Package epstopdf-base Info: Redefining graphics rule for `.eps' on input line 4
38.
Package grfext Info: Graphics extension search list:
(grfext)             [.png,.pdf,.jpg,.mps,.jpeg,.jbig2,.jb2,.PNG,.PDF,.JPG,.JPE
G,.JBIG2,.JB2,.eps]
(grfext)             \AppendGraphicsExtensions on input line 456.

(/usr/share/texlive/texmf-dist/tex/latex/latexconfig/epstopdf-sys.cfg
File: epstopdf-sys.cfg 2010/07/13 v1.3 Configuration of (r)epstopdf for TeX Liv
e
))
\AtBeginShipoutBox=\box86
Package caption Info: Begin \AtBeginDocument code.
Package caption Info: End \AtBeginDocument code.

ABD: EveryShipout initializing macros
LaTeX Info: Redefining \microtypecontext on input line 6.
Package microtype Info: Generating PDF output.
Package microtype Info: Character protrusion enabled (level 2).
Package microtype Info: Using default protrusion set `alltext'.
Package microtype Info: Automatic font expansion enabled (level 2),
(microtype)             stretch: 20, shrink: 20, step: 1, non-selected.
Package microtype Info: Using default expansion set `basictext'.
Package microtype Info: No adjustment of tracking.
Package microtype Info: No adjustment of interword spacing.
Package microtype Info: No adjustment of character kerning.

(/usr/share/texlive/texmf-dist/tex/latex/microtype/mt-cmr.cfg
File: mt-cmr.cfg 2013/05/19 v2.2 microtype config. file: Computer Modern Roman 
(RS)
)
LaTeX Font Info:    Try loading font information for U+msa on input line 11.

(/usr/share/texlive/texmf-dist/tex/latex/amsfonts/umsa.fd
File: umsa.fd 2013/01/14 v3.01 AMS symbols A
)
(/usr/share/texlive/texmf-dist/tex/latex/microtype/mt-msa.cfg
File: mt-msa.cfg 2006/02/04 v1.1 microtype config. file: AMS symbols (a) (RS)
)
LaTeX Font Info:    Try loading font information for U+msb on input line 11.

(/usr/share/texlive/texmf-dist/tex/latex/amsfonts/umsb.fd
File: umsb.fd 2013/01/14 v3.01 AMS symbols B
)
(/usr/share/texlive/texmf-dist/tex/latex/microtype/mt-msb.cfg
File: mt-msb.cfg 2005/06/01 v1.0 microtype config. file: AMS symbols (b) (RS)
) [1


{/usr/share/texlive/texmf-dist/fonts/map/pdftex/updmap/pdftex.map}] [2

] (./p.toc [3])
\tf@toc=\write4
\openout4 = `p.toc'.


[4] (./p.lof)
\tf@lof=\write5
\openout5 = `p.lof'.

 [5

] [6] (./p.lot)
\tf@lot=\write6
\openout6 = `p.lot'.

 [7

] [8

] (./p.loa)
\tf@loa=\write7
\openout7 = `p.loa'.

 [9] [10

]
(./chapter/preface/body.tex) [11] [12

]
Chapter 1.
(./chapter/introduction/body.tex
<chapter/introduction/ns-structure.pdf, id=55, 401.90149pt x 177.0615pt>
File: chapter/introduction/ns-structure.pdf Graphic file (type pdf)

<use chapter/introduction/ns-structure.pdf>
Package pdftex.def Info: chapter/introduction/ns-structure.pdf used on input li
ne 24.
(pdftex.def)             Requested size: 327.74895pt x 144.39973pt.
 [13] [14 <./chapter/introduction/ns-structure.pdf>] [15]
<chapter/introduction/workshop-1.jpg, id=85, 1027.84pt x 301.125pt>
File: chapter/introduction/workshop-1.jpg Graphic file (type jpg)

<use chapter/introduction/workshop-1.jpg>
Package pdftex.def Info: chapter/introduction/workshop-1.jpg used on input line
 168.
(pdftex.def)             Requested size: 310.4979pt x 90.96767pt.
 [16]
<chapter/introduction/workshop-3.jpg, id=89, 622.325pt x 215.80624pt>
File: chapter/introduction/workshop-3.jpg Graphic file (type jpg)

<use chapter/introduction/workshop-3.jpg>
Package pdftex.def Info: chapter/introduction/workshop-3.jpg used on input line
 175.
(pdftex.def)             Requested size: 310.4979pt x 107.67235pt.
 [17 <./chapter/introduction/workshop-1.jpg> <./chapter/introduction/workshop-3
.jpg>]
<chapter/introduction/workshop-4.JPG, id=93, 2842.62pt x 2135.98pt>
File: chapter/introduction/workshop-4.JPG Graphic file (type jpg)

<use chapter/introduction/workshop-4.JPG>
Package pdftex.def Info: chapter/introduction/workshop-4.JPG used on input line
 226.
(pdftex.def)             Requested size: 219.5634pt x 165.00168pt.
 [18 <./chapter/introduction/workshop-4.JPG>] [19] [20]) [21] [22

] [23] [24]
Chapter 2.
(./chapter/prelim-1/body.tex [25

] [26] [27] [28]
Overfull \hbox (3.39789pt too wide) in paragraph at lines 233--237
[]\OT1/cmr/m/n/10 (-20) The main idea be-hind con-cur-rent flex-i-bil-ity is th
at of in-scrib-ing a $\OML/cmm/m/it/10 n$\OT1/cmr/m/n/10 (-20) -dimensional
 []

[29] [30] [31] [32] [33] [34] [35] [36]) [37] [38

]
Chapter 3.
(./chapter/icaps-flexibility/body.tex [39] [40] [41]
<chapter/icaps-flexibility/polytopes.pdf, id=179, 273.25296pt x 254.53043pt>
File: chapter/icaps-flexibility/polytopes.pdf Graphic file (type pdf)

<use chapter/icaps-flexibility/polytopes.pdf>
Package pdftex.def Info: chapter/icaps-flexibility/polytopes.pdf used on input 
line 184.
(pdftex.def)             Requested size: 103.50105pt x 96.40797pt.

Underfull \hbox (badness 10000) in paragraph at lines 188--189

 []

[42 <./chapter/icaps-flexibility/polytopes.pdf>] [43] [44]

LaTeX Warning: Command \b invalid in math mode on input line 390.


Overfull \hbox (5.49704pt too wide) in paragraph at lines 402--414
[][] \OML/cmm/m/it/10 d\OT1/cmr/m/n/10 (-20) (\OML/cmm/m/it/10 i; ^^Y[]\OT1/cmr
/m/n/10 (-20) (\OML/cmm/m/it/10 i\OT1/cmr/m/n/10 (-20) )) \OMS/cmsy/m/n/10 ^^T 
[][] \OML/cmm/m/it/10 d\OT1/cmr/m/n/10 (-20) (\OML/cmm/m/it/10 i; \OT1/cmr/m/n/
10 (-20) 0) + \OML/cmm/m/it/10 d\OT1/cmr/m/n/10 (-20) (0\OML/cmm/m/it/10 ; ^^Y[
]\OT1/cmr/m/n/10 (-20) (\OML/cmm/m/it/10 i\OT1/cmr/m/n/10 (-20) )) = [][] \OML/
cmm/m/it/10 d\OT1/cmr/m/n/10 (-20) (\OML/cmm/m/it/10 i; \OT1/cmr/m/n/10 (-20) 0
) + \OML/cmm/m/it/10 d\OT1/cmr/m/n/10 (-20) (0\OML/cmm/m/it/10 ; i\OT1/cmr/m/n/
10 (-20) ) = [][] [](\OML/cmm/m/it/10 t[]\OT1/cmr/m/n/10 (-20) ) \OMS/cmsy/m/n/
10 ^^@
 []

[45]) [46]
Chapter 4.
(./chapter/cpaior-decoupling/body.tex (./chapter/cpaior-decoupling/intro2.tex
[47

] [48]) (./chapter/cpaior-decoupling/preliminaries2.tex [49] [50]

LaTeX Font Warning: Font shape `OT1/cmr/bx/sc' undefined
(Font)              using `OT1/cmr/bx/n' instead on input line 74.


Underfull \vbox (badness 7433) has occurred while \output is active []

 [51]
Underfull \hbox (badness 10000) in paragraph at lines 91--95

 []

) (./chapter/cpaior-decoupling/minmatching2.tex [52] [53]
Overfull \hbox (3.57195pt too wide) in paragraph at lines 49--49
[] 
 []

) (./chapter/cpaior-decoupling/dynamicdecoupling2.tex [54] [55])
(./chapter/cpaior-decoupling/heuristic2.tex [56] [57]
Underfull \hbox (badness 10000) in paragraph at lines 99--103

 []

) (./chapter/cpaior-decoupling/experiments2b.tex [58]
Overfull \hbox (12.90868pt too wide) in paragraph at lines 14--25
 [] 
 []

[59]
Underfull \hbox (badness 10000) in paragraph at lines 59--60

 []

Package microtype Info: Loading generic settings for font family
(microtype)             `cmtt' (encoding: OT1).
(microtype)             For optimal results, create family-specific settings.
(microtype)             See the microtype manual for details.
[60]
Overfull \hbox (1.2785pt too wide) in paragraph at lines 97--108
 [] 
 []

) (./chapter/cpaior-decoupling/conclusions2.tex)) [61] [62

] [63] [64]
Chapter 5.
(./chapter/prelim-2/body.tex [65

] [66] [67]
Package epstopdf Info: Source file: <chapter/prelim-2/D2.eps>
(epstopdf)                    date: 2017-09-24 18:23:08
(epstopdf)                    size: 54357 bytes
(epstopdf)             Output file: <chapter/prelim-2/D2-eps-converted-to.pdf>
(epstopdf)                    date: 2017-09-24 18:23:08
(epstopdf)                    size: 34016 bytes
(epstopdf)             Command: <epstopdf --outfile=chapter/prelim-2/D2-eps-con
verted-to.pdf chapter/prelim-2/D2.eps>
(epstopdf)             \includegraphics on input line 175.
Package epstopdf Info: Output file is already uptodate.

<chapter/prelim-2/D2-eps-converted-to.pdf, id=299, 361.35pt x 218.8175pt>
File: chapter/prelim-2/D2-eps-converted-to.pdf Graphic file (type pdf)

<use chapter/prelim-2/D2-eps-converted-to.pdf>
Package pdftex.def Info: chapter/prelim-2/D2-eps-converted-to.pdf used on input
 line 175.
(pdftex.def)             Requested size: 147.48602pt x 89.31174pt.
Package epstopdf Info: Source file: <chapter/prelim-2/cmax.eps>
(epstopdf)                    date: 2017-09-24 18:23:08
(epstopdf)                    size: 33205 bytes
(epstopdf)             Output file: <chapter/prelim-2/cmax-eps-converted-to.pdf
>
(epstopdf)                    date: 2017-09-24 18:23:08
(epstopdf)                    size: 22698 bytes
(epstopdf)             Command: <epstopdf --outfile=chapter/prelim-2/cmax-eps-c
onverted-to.pdf chapter/prelim-2/cmax.eps>
(epstopdf)             \includegraphics on input line 182.
Package epstopdf Info: Output file is already uptodate.

<chapter/prelim-2/cmax-eps-converted-to.pdf, id=300, 361.35pt x 218.8175pt>
File: chapter/prelim-2/cmax-eps-converted-to.pdf Graphic file (type pdf)

<use chapter/prelim-2/cmax-eps-converted-to.pdf>
Package pdftex.def Info: chapter/prelim-2/cmax-eps-converted-to.pdf used on inp
ut line 182.
(pdftex.def)             Requested size: 147.48602pt x 89.31174pt.
 [68 <./chapter/prelim-2/D2-eps-converted-to.pdf> <./chapter/prelim-2/cmax-eps-
converted-to.pdf>] [69]
[70]
Package epstopdf Info: Source file: <chapter/prelim-2/row1.eps>
(epstopdf)                    date: 2017-09-24 18:23:08
(epstopdf)                    size: 77443 bytes
(epstopdf)             Output file: <chapter/prelim-2/row1-eps-converted-to.pdf
>
(epstopdf)                    date: 2017-09-24 18:23:08
(epstopdf)                    size: 28364 bytes
(epstopdf)             Command: <epstopdf --outfile=chapter/prelim-2/row1-eps-c
onverted-to.pdf chapter/prelim-2/row1.eps>
(epstopdf)             \includegraphics on input line 327.
Package epstopdf Info: Output file is already uptodate.

<chapter/prelim-2/row1-eps-converted-to.pdf, id=368, 360.34625pt x 52.195pt>
File: chapter/prelim-2/row1-eps-converted-to.pdf Graphic file (type pdf)

<use chapter/prelim-2/row1-eps-converted-to.pdf>
Package pdftex.def Info: chapter/prelim-2/row1-eps-converted-to.pdf used on inp
ut line 327.
(pdftex.def)             Requested size: 311.36049pt x 45.09946pt.
Package epstopdf Info: Source file: <chapter/prelim-2/row2.eps>
(epstopdf)                    date: 2017-09-24 18:23:08
(epstopdf)                    size: 84085 bytes
(epstopdf)             Output file: <chapter/prelim-2/row2-eps-converted-to.pdf
>
(epstopdf)                    date: 2017-09-24 18:23:08
(epstopdf)                    size: 20621 bytes
(epstopdf)             Command: <epstopdf --outfile=chapter/prelim-2/row2-eps-c
onverted-to.pdf chapter/prelim-2/row2.eps>
(epstopdf)             \includegraphics on input line 334.
Package epstopdf Info: Output file is already uptodate.

<chapter/prelim-2/row2-eps-converted-to.pdf, id=369, 360.34625pt x 52.195pt>
File: chapter/prelim-2/row2-eps-converted-to.pdf Graphic file (type pdf)

<use chapter/prelim-2/row2-eps-converted-to.pdf>
Package pdftex.def Info: chapter/prelim-2/row2-eps-converted-to.pdf used on inp
ut line 334.
(pdftex.def)             Requested size: 311.36049pt x 45.09946pt.
Package epstopdf Info: Source file: <chapter/prelim-2/row4.eps>
(epstopdf)                    date: 2017-09-24 18:23:08
(epstopdf)                    size: 33971 bytes
(epstopdf)             Output file: <chapter/prelim-2/row4-eps-converted-to.pdf
>
(epstopdf)                    date: 2017-09-24 18:23:08
(epstopdf)                    size: 11845 bytes
(epstopdf)             Command: <epstopdf --outfile=chapter/prelim-2/row4-eps-c
onverted-to.pdf chapter/prelim-2/row4.eps>
(epstopdf)             \includegraphics on input line 341.
Package epstopdf Info: Output file is already uptodate.

<chapter/prelim-2/row4-eps-converted-to.pdf, id=370, 360.34625pt x 52.195pt>
File: chapter/prelim-2/row4-eps-converted-to.pdf Graphic file (type pdf)

<use chapter/prelim-2/row4-eps-converted-to.pdf>
Package pdftex.def Info: chapter/prelim-2/row4-eps-converted-to.pdf used on inp
ut line 341.
(pdftex.def)             Requested size: 311.36049pt x 45.09946pt.
 [71]
Underfull \vbox (badness 10000) has occurred while \output is active []

 [72 <./chapter/prelim-2/row1-eps-converted-to.pdf> <./chapter/prelim-2/row2-ep
s-converted-to.pdf> <./chapter/prelim-2/row4-eps-converted-to.pdf>] [73]) [74]
Chapter 6.
(./chapter/mista-stability/body.tex (./chapter/mista-stability/intro.tex
[75

]) (./chapter/mista-stability/prelim.tex
Underfull \vbox (badness 10000) has occurred while \output is active []


Overfull \hbox (44.41643pt too wide) has occurred while \output is active
\OT1/cmr/m/n/10 76 \OT1/cmr/m/sl/10 CHAPTER 6.  STABLE DISPATCHING SUBJECT TO R
ESOURCE CONSTRAINTS
 []

[76] [77]
Overfull \hbox (44.41643pt too wide) has occurred while \output is active
\OT1/cmr/m/n/10 78 \OT1/cmr/m/sl/10 CHAPTER 6.  STABLE DISPATCHING SUBJECT TO R
ESOURCE CONSTRAINTS
 []

[78] [79]) (./chapter/mista-stability/problem.tex
Overfull \hbox (44.41643pt too wide) has occurred while \output is active
\OT1/cmr/m/n/10 80 \OT1/cmr/m/sl/10 CHAPTER 6.  STABLE DISPATCHING SUBJECT TO R
ESOURCE CONSTRAINTS
 []

[80] [81]) (./chapter/mista-stability/lp.tex
Overfull \hbox (2.7523pt too wide) in paragraph at lines 7--12
[]\OT1/cmr/m/n/10 (-20) using mean ac-tiv-ity du-ra-tions, the de-ter-min-is-ti
c RCPSP $(\OML/cmm/m/it/10 n; m; []; []; E; \U/msb/m/n/10 E\OT1/cmr/m/n/10 (-20
) [[]])$
 []


Overfull \hbox (44.41643pt too wide) has occurred while \output is active
\OT1/cmr/m/n/10 82 \OT1/cmr/m/sl/10 CHAPTER 6.  STABLE DISPATCHING SUBJECT TO R
ESOURCE CONSTRAINTS
 []

[82]) (./chapter/mista-stability/milp.tex [83]
Underfull \vbox (badness 4505) has occurred while \output is active []


Overfull \hbox (44.41643pt too wide) has occurred while \output is active
\OT1/cmr/m/n/10 84 \OT1/cmr/m/sl/10 CHAPTER 6.  STABLE DISPATCHING SUBJECT TO R
ESOURCE CONSTRAINTS
 []

[84] [85]
Overfull \hbox (44.41643pt too wide) has occurred while \output is active
\OT1/cmr/m/n/10 86 \OT1/cmr/m/sl/10 CHAPTER 6.  STABLE DISPATCHING SUBJECT TO R
ESOURCE CONSTRAINTS
 []

[86]) (./chapter/mista-stability/milp-heuristic.tex [87])
(./chapter/mista-stability/experiments.tex
LaTeX Font Info:    Try loading font information for OMS+cmr on input line 24.

(/usr/share/texlive/texmf-dist/tex/latex/base/omscmr.fd
File: omscmr.fd 2014/09/29 v2.5h Standard LaTeX font definitions
)
LaTeX Font Info:    Font shape `OMS/cmr/m/n' in size <10> not available
(Font)              Font shape `OMS/cmsy/m/n' tried instead on input line 24.
Package epstopdf Info: Source file: <chapter/mista-stability/figure1.eps>
(epstopdf)                    date: 2017-07-18 13:50:10
(epstopdf)                    size: 16150 bytes
(epstopdf)             Output file: <chapter/mista-stability/figure1-eps-conver
ted-to.pdf>
(epstopdf)                    date: 2017-07-18 13:50:10
(epstopdf)                    size: 9761 bytes
(epstopdf)             Command: <epstopdf --outfile=chapter/mista-stability/fig
ure1-eps-converted-to.pdf chapter/mista-stability/figure1.eps>
(epstopdf)             \includegraphics on input line 42.
Package epstopdf Info: Output file is already uptodate.

<chapter/mista-stability/figure1-eps-converted-to.pdf, id=513, 1444.39626pt x 4
59.7175pt>
File: chapter/mista-stability/figure1-eps-converted-to.pdf Graphic file (type p
df)
 <use chapter/mista-stability/figure1-eps-converted-to.pdf>
Package pdftex.def Info: chapter/mista-stability/figure1-eps-converted-to.pdf u
sed on input line 42.
(pdftex.def)             Requested size: 345.0pt x 109.80133pt.
Package epstopdf Info: Source file: <chapter/mista-stability/figure2.eps>
(epstopdf)                    date: 2017-07-18 13:50:10
(epstopdf)                    size: 11300 bytes
(epstopdf)             Output file: <chapter/mista-stability/figure2-eps-conver
ted-to.pdf>
(epstopdf)                    date: 2017-07-18 13:50:10
(epstopdf)                    size: 7901 bytes
(epstopdf)             Command: <epstopdf --outfile=chapter/mista-stability/fig
ure2-eps-converted-to.pdf chapter/mista-stability/figure2.eps>
(epstopdf)             \includegraphics on input line 49.
Package epstopdf Info: Output file is already uptodate.

<chapter/mista-stability/figure2-eps-converted-to.pdf, id=514, 1444.39626pt x 4
62.72874pt>
File: chapter/mista-stability/figure2-eps-converted-to.pdf Graphic file (type p
df)
 <use chapter/mista-stability/figure2-eps-converted-to.pdf>
Package pdftex.def Info: chapter/mista-stability/figure2-eps-converted-to.pdf u
sed on input line 49.
(pdftex.def)             Requested size: 345.0pt x 110.52055pt.

Overfull \hbox (44.41643pt too wide) has occurred while \output is active
\OT1/cmr/m/n/10 88 \OT1/cmr/m/sl/10 CHAPTER 6.  STABLE DISPATCHING SUBJECT TO R
ESOURCE CONSTRAINTS
 []

[88] [89 <./chapter/mista-stability/figure1-eps-converted-to.pdf> <./chapter/mi
sta-stability/figure2-eps-converted-to.pdf>])
(./chapter/mista-stability/conclusion.tex
Overfull \hbox (44.41643pt too wide) has occurred while \output is active
\OT1/cmr/m/n/10 90 \OT1/cmr/m/sl/10 CHAPTER 6.  STABLE DISPATCHING SUBJECT TO R
ESOURCE CONSTRAINTS
 []

[90])) [91]
Overfull \hbox (44.41643pt too wide) has occurred while \output is active
\OT1/cmr/m/n/10 92 \OT1/cmr/m/sl/10 CHAPTER 6.  STABLE DISPATCHING SUBJECT TO R
ESOURCE CONSTRAINTS
 []

[92

]
Chapter 7.
(./chapter/cpaior-stability/body.tex (./chapter/cpaior-stability/intro.tex
(./chapter/cpaior-stability/fig-example.tex
Overfull \hbox (56.03026pt too wide) in paragraph at lines 37--49
 [] 
 []

[93])
Overfull \hbox (10.66743pt too wide) has occurred while \output is active
\OT1/cmr/m/n/10 94 \OT1/cmr/m/sl/10 CHAPTER 7.  STABLE DISPATCHING WITH DYNAMIC
 PROGRAMMING
 []

[94]) (./chapter/cpaior-stability/problem.tex
Overfull \hbox (3.5989pt too wide) in paragraph at lines 34--41
[]\OT1/cmr/m/n/10 (-20) Instead of min-i-miz-ing a stan-dard per-for-mance cri-
te-rion like ex-pected makespan,
 []

[95]) (./chapter/cpaior-stability/method.tex
Overfull \hbox (10.66743pt too wide) has occurred while \output is active
\OT1/cmr/m/n/10 96 \OT1/cmr/m/sl/10 CHAPTER 7.  STABLE DISPATCHING WITH DYNAMIC
 PROGRAMMING
 []

[96] (./chapter/cpaior-stability/fig-STN.tex
Overfull \hbox (38.18271pt too wide) in paragraph at lines 79--80
[][] 
 []

) [97]
Overfull \hbox (10.66743pt too wide) has occurred while \output is active
\OT1/cmr/m/n/10 98 \OT1/cmr/m/sl/10 CHAPTER 7.  STABLE DISPATCHING WITH DYNAMIC
 PROGRAMMING
 []

[98]) (./chapter/cpaior-stability/conclusion.tex [99]))
Overfull \hbox (15.66745pt too wide) has occurred while \output is active
\OT1/cmr/m/n/10 100 \OT1/cmr/m/sl/10 CHAPTER 7.  STABLE DISPATCHING WITH DYNAMI
C PROGRAMMING
 []

[100] [101

] [102]
Chapter 8.
(./chapter/conclusion/body.tex [103

]

LaTeX Warning: Reference `' on page 104 undefined on input line 57.

[104] [105]
Underfull \vbox (badness 10000) has occurred while \output is active []

 [106]
[107] [108] [109]) [110] (./chapter/summary/body.tex [111

] [112] [113])
(./p.bbl [114] [115] [116

] [117] [118]
Missing character: There is no  in font cmr10!
Missing character: There is no  in font cmr10!
Missing character: There is no  in font cmr10!
Missing character: There is no  in font cmr10!
Missing character: There is no  in font cmr10!
Missing character: There is no  in font cmr10!
 [119] [120] [121] [122] [123]) [124]
(./p.aux)

LaTeX Font Warning: Some font shapes were not available, defaults substituted.


LaTeX Warning: There were undefined references.


LaTeX Warning: There were multiply-defined labels.

 )
(\end occurred inside a group at level 1)

### simple group (level 1) entered at line 37 ({)
### bottom level 
Here is how much of TeX's memory you used:
 27756 strings out of 494946
 564814 string characters out of 6180981
 639720 words of memory out of 5000000
 30282 multiletter control sequences out of 15000+600000
 30270 words of font info for 188 fonts, out of 8000000 for 9000
 14 hyphenation exceptions out of 8191
 57i,14n,67p,10454b,1210s stack positions out of 5000i,500n,10000p,200000b,80000s
</usr/share/texlive/texmf-dist/fonts/type1/public/amsfonts/cm/c
mbx10.pfb></usr/share/texlive/texmf-dist/fonts/type1/public/amsfonts/cm/cmbx12.
pfb></usr/share/texlive/texmf-dist/fonts/type1/public/amsfonts/cm/cmbx8.pfb></u
sr/share/texlive/texmf-dist/fonts/type1/public/amsfonts/cm/cmcsc10.pfb></usr/sh
are/texlive/texmf-dist/fonts/type1/public/amsfonts/cm/cmex10.pfb></usr/share/te
xlive/texmf-dist/fonts/type1/public/amsfonts/cmextra/cmex7.pfb></usr/share/texl
ive/texmf-dist/fonts/type1/public/amsfonts/cmextra/cmex8.pfb></usr/share/texliv
e/texmf-dist/fonts/type1/public/amsfonts/cm/cmmi10.pfb></usr/share/texlive/texm
f-dist/fonts/type1/public/amsfonts/cm/cmmi12.pfb></usr/share/texlive/texmf-dist
/fonts/type1/public/amsfonts/cm/cmmi5.pfb></usr/share/texlive/texmf-dist/fonts/
type1/public/amsfonts/cm/cmmi6.pfb></usr/share/texlive/texmf-dist/fonts/type1/p
ublic/amsfonts/cm/cmmi7.pfb></usr/share/texlive/texmf-dist/fonts/type1/public/a
msfonts/cm/cmmi8.pfb></usr/share/texlive/texmf-dist/fonts/type1/public/amsfonts
/cm/cmmi9.pfb></usr/share/texlive/texmf-dist/fonts/type1/public/amsfonts/cm/cmm
ib10.pfb></usr/share/texlive/texmf-dist/fonts/type1/public/amsfonts/cmextra/cmm
ib7.pfb></usr/share/texlive/texmf-dist/fonts/type1/public/amsfonts/cm/cmr10.pfb
></usr/share/texlive/texmf-dist/fonts/type1/public/amsfonts/cm/cmr12.pfb></usr/
share/texlive/texmf-dist/fonts/type1/public/amsfonts/cm/cmr17.pfb></usr/share/t
exlive/texmf-dist/fonts/type1/public/amsfonts/cm/cmr5.pfb></usr/share/texlive/t
exmf-dist/fonts/type1/public/amsfonts/cm/cmr6.pfb></usr/share/texlive/texmf-dis
t/fonts/type1/public/amsfonts/cm/cmr7.pfb></usr/share/texlive/texmf-dist/fonts/
type1/public/amsfonts/cm/cmr8.pfb></usr/share/texlive/texmf-dist/fonts/type1/pu
blic/amsfonts/cm/cmr9.pfb></usr/share/texlive/texmf-dist/fonts/type1/public/ams
fonts/cm/cmsl10.pfb></usr/share/texlive/texmf-dist/fonts/type1/public/amsfonts/
cm/cmsy10.pfb></usr/share/texlive/texmf-dist/fonts/type1/public/amsfonts/cm/cms
y5.pfb></usr/share/texlive/texmf-dist/fonts/type1/public/amsfonts/cm/cmsy6.pfb>
</usr/share/texlive/texmf-dist/fonts/type1/public/amsfonts/cm/cmsy7.pfb></usr/s
hare/texlive/texmf-dist/fonts/type1/public/amsfonts/cm/cmsy8.pfb></usr/share/te
xlive/texmf-dist/fonts/type1/public/amsfonts/cm/cmsy9.pfb></usr/share/texlive/t
exmf-dist/fonts/type1/public/amsfonts/cm/cmti10.pfb></usr/share/texlive/texmf-d
ist/fonts/type1/public/amsfonts/cm/cmti8.pfb></usr/share/texlive/texmf-dist/fon
ts/type1/public/amsfonts/cm/cmtt10.pfb></usr/share/texlive/texmf-dist/fonts/typ
e1/public/amsfonts/symbols/msam10.pfb></usr/share/texlive/texmf-dist/fonts/type
1/public/amsfonts/symbols/msbm10.pfb>
Output written on p.pdf (124 pages, 3702326 bytes).
PDF statistics:
 763 PDF objects out of 1000 (max. 8388607)
 442 compressed objects within 5 object streams
 0 named destinations out of 1000 (max. 500000)
 29769 words of extra memory for PDF output out of 29859 (max. 10000000)

