This is pdfTeX, Version 3.1415926-2.6-1.40.14 (TeX Live 2014/dev) (format=pdflatex 2015.5.2)  15 OCT 2015 14:37
entering extended mode
 restricted \write18 enabled.
 %&-line parsing enabled.
**p.tex
(./p.tex
LaTeX2e <2011/06/27>
Babel <3.9h> and hyphenation patterns for 2 languages loaded.

LaTeX Warning: File `example.eps' already exists on the system.
               Not generating it from this source.

(./svjour3.cls
Document Class: svjour3 2007/05/08 v3.2 
LaTeX document class for Springer journals
Class Springer-SVJour3 Info: extra/valid Springer sub-package (-> *.clo) 
(Springer-SVJour3)           not found in option list of \documentclass
(Springer-SVJour3)           - autoactivating "global" style.
(./svglov3.clo
File: svglov3.clo 2006/02/03 v3.1 style option for standardised journals

SVJour Class option: svglov3.clo for standardised journals

LaTeX Font Warning: Font shape `OT1/cmr/m/n' in size <9.5> not available
(Font)              size <9> substituted on input line 45.

)
LaTeX Font Info:    Redeclaring math symbol \Gamma on input line 147.
LaTeX Font Info:    Redeclaring math symbol \Delta on input line 148.
LaTeX Font Info:    Redeclaring math symbol \Theta on input line 149.
LaTeX Font Info:    Redeclaring math symbol \Lambda on input line 150.
LaTeX Font Info:    Redeclaring math symbol \Xi on input line 151.
LaTeX Font Info:    Redeclaring math symbol \Pi on input line 152.
LaTeX Font Info:    Redeclaring math symbol \Sigma on input line 153.
LaTeX Font Info:    Redeclaring math symbol \Upsilon on input line 154.
LaTeX Font Info:    Redeclaring math symbol \Phi on input line 155.
LaTeX Font Info:    Redeclaring math symbol \Psi on input line 156.
LaTeX Font Info:    Redeclaring math symbol \Omega on input line 157.
\logodepth=\dimen102
\headerboxheight=\dimen103
\betweenumberspace=\dimen104
\aftertext=\dimen105
\headlineindent=\dimen106
\c@inst=\count79
\c@auth=\count80
\instindent=\dimen107
\authrun=\box26
\authorrunning=\toks14
\titrun=\box27
\titlerunning=\toks15
\combirun=\box28
\c@lastpage=\count81
\rubricwidth=\dimen108
\c@section=\count82
\c@subsection=\count83
\c@subsubsection=\count84
\c@paragraph=\count85
\c@subparagraph=\count86
\spthmsep=\dimen109
\c@theorem=\count87
\c@case=\count88
\c@conjecture=\count89
\c@corollary=\count90
\c@definition=\count91
\c@example=\count92
\c@exercise=\count93
\c@lemma=\count94
\c@note=\count95
\c@problem=\count96
\c@property=\count97
\c@proposition=\count98
\c@question=\count99
\c@solution=\count100
\c@remark=\count101
\c@figure=\count102
\c@table=\count103
\abovecaptionskip=\skip41
\belowcaptionskip=\skip42
\figcapgap=\dimen110
\tabcapgap=\dimen111
\figgap=\dimen112
\bibindent=\dimen113
\@tempcntc=\count104
) (/usr/share/texlive/texmf-dist/tex/latex/graphics/graphicx.sty
Package: graphicx 1999/02/16 v1.0f Enhanced LaTeX Graphics (DPC,SPQR)

(/usr/share/texlive/texmf-dist/tex/latex/graphics/keyval.sty
Package: keyval 1999/03/16 v1.13 key=value parser (DPC)
\KV@toks@=\toks16
)
(/usr/share/texlive/texmf-dist/tex/latex/graphics/graphics.sty
Package: graphics 2009/02/05 v1.0o Standard LaTeX Graphics (DPC,SPQR)

(/usr/share/texlive/texmf-dist/tex/latex/graphics/trig.sty
Package: trig 1999/03/16 v1.09 sin cos tan (DPC)
)
(/usr/share/texlive/texmf-dist/tex/latex/latexconfig/graphics.cfg
File: graphics.cfg 2010/04/23 v1.9 graphics configuration of TeX Live
)
Package graphics Info: Driver file: pdftex.def on input line 91.

(/usr/share/texlive/texmf-dist/tex/latex/pdftex-def/pdftex.def
File: pdftex.def 2011/05/27 v0.06d Graphics/color for pdfTeX

(/usr/share/texlive/texmf-dist/tex/generic/oberdiek/infwarerr.sty
Package: infwarerr 2010/04/08 v1.3 Providing info/warning/error messages (HO)
)
(/usr/share/texlive/texmf-dist/tex/generic/oberdiek/ltxcmds.sty
Package: ltxcmds 2011/11/09 v1.22 LaTeX kernel commands for general use (HO)
)
\Gread@gobject=\count105
))
\Gin@req@height=\dimen114
\Gin@req@width=\dimen115
)
(/usr/share/texlive/texmf-dist/tex/latex/base/latexsym.sty
Package: latexsym 1998/08/17 v2.2e Standard LaTeX package (lasy symbols)
\symlasy=\mathgroup4
LaTeX Font Info:    Overwriting symbol font `lasy' in version `bold'
(Font)                  U/lasy/m/n --> U/lasy/b/n on input line 47.
)
(/usr/share/texlive/texmf-dist/tex/latex/amsmath/amsmath.sty
Package: amsmath 2013/01/14 v2.14 AMS math features
\@mathmargin=\skip43

For additional information on amsmath, use the `?' option.
(/usr/share/texlive/texmf-dist/tex/latex/amsmath/amstext.sty
Package: amstext 2000/06/29 v2.01

(/usr/share/texlive/texmf-dist/tex/latex/amsmath/amsgen.sty
File: amsgen.sty 1999/11/30 v2.0
\@emptytoks=\toks17
\ex@=\dimen116
))
(/usr/share/texlive/texmf-dist/tex/latex/amsmath/amsbsy.sty
Package: amsbsy 1999/11/29 v1.2d
\pmbraise@=\dimen117
)
(/usr/share/texlive/texmf-dist/tex/latex/amsmath/amsopn.sty
Package: amsopn 1999/12/14 v2.01 operator names
)
\inf@bad=\count106
LaTeX Info: Redefining \frac on input line 210.
\uproot@=\count107
\leftroot@=\count108
LaTeX Info: Redefining \overline on input line 306.
\classnum@=\count109
\DOTSCASE@=\count110
LaTeX Info: Redefining \ldots on input line 378.
LaTeX Info: Redefining \dots on input line 381.
LaTeX Info: Redefining \cdots on input line 466.
\Mathstrutbox@=\box29
\strutbox@=\box30
\big@size=\dimen118
LaTeX Font Info:    Redeclaring font encoding OML on input line 566.
LaTeX Font Info:    Redeclaring font encoding OMS on input line 567.


Package amsmath Warning: Unable to redefine math accent \vec.

\macc@depth=\count111
\c@MaxMatrixCols=\count112
\dotsspace@=\muskip10
\c@parentequation=\count113
\dspbrk@lvl=\count114
\tag@help=\toks18
\row@=\count115
\column@=\count116
\maxfields@=\count117
\andhelp@=\toks19
\eqnshift@=\dimen119
\alignsep@=\dimen120
\tagshift@=\dimen121
\tagwidth@=\dimen122
\totwidth@=\dimen123
\lineht@=\dimen124
\@envbody=\toks20
\multlinegap=\skip44
\multlinetaggap=\skip45
\mathdisplay@stack=\toks21
LaTeX Info: Redefining \[ on input line 2665.
LaTeX Info: Redefining \] on input line 2666.
) (/usr/share/texlive/texmf-dist/tex/latex/amsfonts/amsfonts.sty
Package: amsfonts 2013/01/14 v3.01 Basic AMSFonts support
\symAMSa=\mathgroup5
\symAMSb=\mathgroup6
LaTeX Font Info:    Overwriting math alphabet `\mathfrak' in version `bold'
(Font)                  U/euf/m/n --> U/euf/b/n on input line 106.
)
(/usr/share/texlive/texmf-dist/tex/latex/subfig/subfig.sty
Package: subfig 2005/06/28 ver: 1.3 subfig package

(/usr/share/texlive/texmf-dist/tex/latex/caption/caption.sty
Package: caption 2013/05/02 v3.3-89 Customizing captions (AR)

(/usr/share/texlive/texmf-dist/tex/latex/caption/caption3.sty
Package: caption3 2013/05/02 v1.6-88 caption3 kernel (AR)
Package caption3 Info: TeX engine: e-TeX on input line 57.
\captionmargin=\dimen125
\captionmargin@=\dimen126
\captionwidth=\dimen127
\caption@tempdima=\dimen128
\caption@indent=\dimen129
\caption@parindent=\dimen130
\caption@hangindent=\dimen131
Package caption Info: Unknown document class (or package),
(caption)             standard defaults will be used.
)

Package caption Warning: Unsupported document class (or package) detected,
(caption)                usage of the caption package is not recommended.
See the caption package documentation for explanation.

Package caption Info: \@makecaption = \long macro:#1#2->\captionstyle \ifx \@ca
ptype \fig@type \vskip \figcapgap \fi \setbox \@tempboxa \hbox {{\floatlegendst
yle #1\floatcounterend }\capstrut #2}\ifdim \wd \@tempboxa >\hsize {\floatlegen
dstyle #1\floatcounterend }\capstrut #2\par \else \hbox to\hsize {\leftlegendgl
ue \unhbox \@tempboxa \hfil }\fi \ifx \@captype \fig@type \else \vskip \tabcapg
ap \fi .
\c@ContinuedFloat=\count118
)
\c@KVtest=\count119
\sf@farskip=\skip46
\sf@captopadj=\dimen132
\sf@capskip=\skip47
\sf@nearskip=\skip48
\c@subfigure=\count120
\c@subfigure@save=\count121
\c@lofdepth=\count122
\c@subtable=\count123
\c@subtable@save=\count124
\c@lotdepth=\count125
\sf@top=\skip49
\sf@bottom=\skip50
) (/usr/share/texlive/texmf-dist/tex/latex/algorithms/algorithmic.sty
Package: algorithmic 2009/08/24 v0.1 Document Style `algorithmic'

(/usr/share/texlive/texmf-dist/tex/latex/base/ifthen.sty
Package: ifthen 2001/05/26 v1.1c Standard LaTeX ifthen package (DPC)
)
\c@ALC@unique=\count126
\c@ALC@line=\count127
\c@ALC@rem=\count128
\c@ALC@depth=\count129
\ALC@tlm=\skip51
\algorithmicindent=\skip52
)
(/usr/share/texlive/texmf-dist/tex/latex/algorithms/algorithm.sty
Package: algorithm 2009/08/24 v0.1 Document Style `algorithm' - floating enviro
nment

(/usr/share/texlive/texmf-dist/tex/latex/float/float.sty
Package: float 2001/11/08 v1.3d Float enhancements (AL)
\c@float@type=\count130
\float@exts=\toks22
\float@box=\box31
\@float@everytoks=\toks23
\@floatcapt=\box32
)
\@float@every@algorithm=\toks24
\c@algorithm=\count131
)
(/usr/share/texlive/texmf-dist/tex/latex/tools/enumerate.sty
Package: enumerate 1999/03/05 v3.00 enumerate extensions (DPC)
\@enLab=\toks25
)
(/usr/share/texlive/texmf-dist/tex/latex/microtype/microtype.sty
Package: microtype 2013/05/23 v2.5a Micro-typographical refinements (RS)
\MT@toks=\toks26
\MT@count=\count132
LaTeX Info: Redefining \textls on input line 766.
\MT@outer@kern=\dimen133
LaTeX Info: Redefining \textmicrotypecontext on input line 1285.
\MT@listname@count=\count133

(/usr/share/texlive/texmf-dist/tex/latex/microtype/microtype-pdftex.def
File: microtype-pdftex.def 2013/05/23 v2.5a Definitions specific to pdftex (RS)

LaTeX Info: Redefining \lsstyle on input line 915.
LaTeX Info: Redefining \lslig on input line 915.
\MT@outer@space=\skip53
)
Package microtype Info: Loading configuration file microtype.cfg.

(/usr/share/texlive/texmf-dist/tex/latex/microtype/microtype.cfg
File: microtype.cfg 2013/05/23 v2.5a microtype main configuration file (RS)
))
(/usr/share/texlive/texmf-dist/tex/latex/multirow/multirow.sty
\bigstrutjot=\dimen134
)
\c@edit=\count134
\c@TODO=\count135
 (./p.aux)
\openout1 = `p.aux'.

LaTeX Font Info:    Checking defaults for OML/cmm/m/it on input line 98.
LaTeX Font Info:    ... okay on input line 98.
LaTeX Font Info:    Checking defaults for T1/cmr/m/n on input line 98.
LaTeX Font Info:    ... okay on input line 98.
LaTeX Font Info:    Checking defaults for OT1/cmr/m/n on input line 98.
LaTeX Font Info:    ... okay on input line 98.
LaTeX Font Info:    Checking defaults for OMS/cmsy/m/n on input line 98.
LaTeX Font Info:    ... okay on input line 98.
LaTeX Font Info:    Checking defaults for OMX/cmex/m/n on input line 98.
LaTeX Font Info:    ... okay on input line 98.
LaTeX Font Info:    Checking defaults for U/cmr/m/n on input line 98.
LaTeX Font Info:    ... okay on input line 98.

(/usr/share/texlive/texmf-dist/tex/context/base/supp-pdf.mkii
[Loading MPS to PDF converter (version 2006.09.02).]
\scratchcounter=\count136
\scratchdimen=\dimen135
\scratchbox=\box33
\nofMPsegments=\count137
\nofMParguments=\count138
\everyMPshowfont=\toks27
\MPscratchCnt=\count139
\MPscratchDim=\dimen136
\MPnumerator=\count140
\makeMPintoPDFobject=\count141
\everyMPtoPDFconversion=\toks28
) (/usr/share/texlive/texmf-dist/tex/generic/oberdiek/pdftexcmds.sty
Package: pdftexcmds 2011/11/29 v0.20 Utility functions of pdfTeX for LuaTeX (HO
)

(/usr/share/texlive/texmf-dist/tex/generic/oberdiek/ifluatex.sty
Package: ifluatex 2010/03/01 v1.3 Provides the ifluatex switch (HO)
Package ifluatex Info: LuaTeX not detected.
)
(/usr/share/texlive/texmf-dist/tex/generic/oberdiek/ifpdf.sty
Package: ifpdf 2011/01/30 v2.3 Provides the ifpdf switch (HO)
Package ifpdf Info: pdfTeX in PDF mode is detected.
)
Package pdftexcmds Info: LuaTeX not detected.
Package pdftexcmds Info: \pdf@primitive is available.
Package pdftexcmds Info: \pdf@ifprimitive is available.
Package pdftexcmds Info: \pdfdraftmode found.
)
(/usr/share/texlive/texmf-dist/tex/latex/oberdiek/epstopdf-base.sty
Package: epstopdf-base 2010/02/09 v2.5 Base part for package epstopdf

(/usr/share/texlive/texmf-dist/tex/latex/oberdiek/grfext.sty
Package: grfext 2010/08/19 v1.1 Manage graphics extensions (HO)

(/usr/share/texlive/texmf-dist/tex/generic/oberdiek/kvdefinekeys.sty
Package: kvdefinekeys 2011/04/07 v1.3 Define keys (HO)
))
(/usr/share/texlive/texmf-dist/tex/latex/oberdiek/kvoptions.sty
Package: kvoptions 2011/06/30 v3.11 Key value format for package options (HO)

(/usr/share/texlive/texmf-dist/tex/generic/oberdiek/kvsetkeys.sty
Package: kvsetkeys 2012/04/25 v1.16 Key value parser (HO)

(/usr/share/texlive/texmf-dist/tex/generic/oberdiek/etexcmds.sty
Package: etexcmds 2011/02/16 v1.5 Avoid name clashes with e-TeX commands (HO)
Package etexcmds Info: Could not find \expanded.
(etexcmds)             That can mean that you are not using pdfTeX 1.50 or
(etexcmds)             that some package has redefined \expanded.
(etexcmds)             In the latter case, load this package earlier.
)))
Package grfext Info: Graphics extension search list:
(grfext)             [.png,.pdf,.jpg,.mps,.jpeg,.jbig2,.jb2,.PNG,.PDF,.JPG,.JPE
G,.JBIG2,.JB2,.eps]
(grfext)             \AppendGraphicsExtensions on input line 452.

(/usr/share/texlive/texmf-dist/tex/latex/latexconfig/epstopdf-sys.cfg
File: epstopdf-sys.cfg 2010/07/13 v1.3 Configuration of (r)epstopdf for TeX Liv
e
))
Package caption Info: Begin \AtBeginDocument code.
Package caption Info: subfig package v1.3 is loaded.
Package caption Info: float package is loaded.
Package caption Info: End \AtBeginDocument code.
LaTeX Info: Redefining \microtypecontext on input line 98.
Package microtype Info: Generating PDF output.
Package microtype Info: Character protrusion enabled (level 2).
Package microtype Info: Using default protrusion set `alltext'.
Package microtype Info: Automatic font expansion enabled (level 2),
(microtype)             stretch: 20, shrink: 20, step: 1, non-selected.
Package microtype Info: Using default expansion set `basictext'.
Package microtype Info: No adjustment of tracking.
Package microtype Info: No adjustment of interword spacing.
Package microtype Info: No adjustment of character kerning.

(/usr/share/texlive/texmf-dist/tex/latex/microtype/mt-cmr.cfg
File: mt-cmr.cfg 2013/05/19 v2.2 microtype config. file: Computer Modern Roman 
(RS)
)
SVJour3 warning: Missing \date

LaTeX Font Warning: Font shape `OT1/cmr/bx/n' in size <9.5> not available
(Font)              size <9> substituted on input line 126.


LaTeX Font Warning: Font shape `OT1/cmr/m/n' in size <13> not available
(Font)              size <12> substituted on input line 126.


LaTeX Font Warning: Font shape `OT1/cmr/bx/n' in size <13> not available
(Font)              size <12> substituted on input line 126.

LaTeX Font Info:    Calculating math sizes for size <9.5> on input line 126.

LaTeX Font Warning: Font shape `OML/cmm/b/it' in size <9.5> not available
(Font)              size <9> substituted on input line 126.


LaTeX Font Warning: Font shape `OMS/cmsy/b/n' in size <9.5> not available
(Font)              size <9> substituted on input line 126.

LaTeX Font Info:    Try loading font information for U+lasy on input line 126.
(/usr/share/texlive/texmf-dist/tex/latex/base/ulasy.fd
File: ulasy.fd 1998/08/17 v2.2e LaTeX symbol font definitions
)
LaTeX Font Info:    Font shape `U/lasy/b/n' in size <9.5> not available
(Font)              Font shape `U/lasy/m/n' tried instead on input line 126.


LaTeX Font Warning: Font shape `U/lasy/m/n' in size <9.5> not available
(Font)              size <9> substituted on input line 126.

LaTeX Font Info:    Font shape `U/lasy/b/n' in size <6.64996> not available
(Font)              Font shape `U/lasy/m/n' tried instead on input line 126.
LaTeX Font Info:    Font shape `U/lasy/b/n' in size <4.75> not available
(Font)              Font shape `U/lasy/m/n' tried instead on input line 126.
LaTeX Font Info:    Try loading font information for U+msa on input line 126.
(/usr/share/texlive/texmf-dist/tex/latex/amsfonts/umsa.fd
File: umsa.fd 2013/01/14 v3.01 AMS symbols A
)
(/usr/share/texlive/texmf-dist/tex/latex/microtype/mt-msa.cfg
File: mt-msa.cfg 2006/02/04 v1.1 microtype config. file: AMS symbols (a) (RS)
)
LaTeX Font Info:    Try loading font information for U+msb on input line 126.

(/usr/share/texlive/texmf-dist/tex/latex/amsfonts/umsb.fd
File: umsb.fd 2013/01/14 v3.01 AMS symbols B
)
(/usr/share/texlive/texmf-dist/tex/latex/microtype/mt-msb.cfg
File: mt-msb.cfg 2005/06/01 v1.0 microtype config. file: AMS symbols (b) (RS)
)

LaTeX Font Warning: Font shape `OML/cmm/m/it' in size <9.5> not available
(Font)              size <9> substituted on input line 126.


LaTeX Font Warning: Font shape `OMS/cmsy/m/n' in size <9.5> not available
(Font)              size <9> substituted on input line 126.


LaTeX Font Warning: Font shape `U/lasy/m/n' in size <9.5> not available
(Font)              size <9> substituted on input line 126.

(./abstract.tex) (./intro.tex

LaTeX Font Warning: Font shape `OT1/cmr/m/sc' in size <9.5> not available
(Font)              size <9> substituted on input line 13.

[1{/usr/share/texlive/texmf-dist/fonts/map/pdftex/updmap/pdftex.map}]

LaTeX Font Warning: Font shape `OT1/cmr/m/it' in size <9.5> not available
(Font)              size <9> substituted on input line 35.


Underfull \vbox (badness 10000) has occurred while \output is active []

 [2])
(./prelim.tex [3] [4] [5]) (./problem.tex [6] [7]) (./lp.tex [8]) (./milp.tex
[9] [10] [11]) (./milp-heuristic.tex
LaTeX Font Info:    Font shape `U/lasy/b/n' in size <8> not available
(Font)              Font shape `U/lasy/m/n' tried instead on input line 27.
LaTeX Font Info:    Font shape `U/lasy/b/n' in size <6> not available
(Font)              Font shape `U/lasy/m/n' tried instead on input line 27.
LaTeX Font Info:    Font shape `U/lasy/b/n' in size <5> not available
(Font)              Font shape `U/lasy/m/n' tried instead on input line 27.
) (./experiments.tex [12]

LaTeX Font Warning: Font shape `OT1/cmtt/m/n' in size <9.5> not available
(Font)              size <9> substituted on input line 15.

Package microtype Info: Loading generic settings for font family
(microtype)             `cmtt' (encoding: OT1).
(microtype)             For optimal results, create family-specific settings.
(microtype)             See the microtype manual for details.
Package epstopdf Info: Source file: <figure1.eps>
(epstopdf)                    date: 2015-10-15 13:18:30
(epstopdf)                    size: 16150 bytes
(epstopdf)             Output file: <figure1-eps-converted-to.pdf>
(epstopdf)                    date: 2015-10-15 13:18:30
(epstopdf)                    size: 9761 bytes
(epstopdf)             Command: <repstopdf --outfile=figure1-eps-converted-to.p
df figure1.eps>
(epstopdf)             \includegraphics on input line 42.
Package epstopdf Info: Output file is already uptodate.
<figure1-eps-converted-to.pdf, id=58, 1444.39626pt x 459.7175pt>
File: figure1-eps-converted-to.pdf Graphic file (type pdf)

<use figure1-eps-converted-to.pdf>
Package pdftex.def Info: figure1-eps-converted-to.pdf used on input line 42.
(pdftex.def)             Requested size: 347.0pt x 110.43967pt.
 [13]
Package epstopdf Info: Source file: <figure2.eps>
(epstopdf)                    date: 2015-10-15 13:18:30
(epstopdf)                    size: 11300 bytes
(epstopdf)             Output file: <figure2-eps-converted-to.pdf>
(epstopdf)                    date: 2015-10-15 13:18:30
(epstopdf)                    size: 7901 bytes
(epstopdf)             Command: <repstopdf --outfile=figure2-eps-converted-to.p
df figure2.eps>
(epstopdf)             \includegraphics on input line 49.
Package epstopdf Info: Output file is already uptodate.

<figure2-eps-converted-to.pdf, id=70, 1444.39626pt x 462.72874pt>
File: figure2-eps-converted-to.pdf Graphic file (type pdf)

<use figure2-eps-converted-to.pdf>
Package pdftex.def Info: figure2-eps-converted-to.pdf used on input line 49.
(pdftex.def)             Requested size: 347.0pt x 111.16307pt.

Underfull \vbox (badness 1033) has occurred while \output is active []

 [14 <./figure1-eps-converted-to.pdf> <./figure2-eps-converted-to.pdf>]) (./con
clusion.tex
[15]) (./p.bbl [16]
Missing character: There is no ‚ in font cmr8!
Missing character: There is no Ä in font cmr8!
Missing character: There is no ú in font cmr8!
Missing character: There is no ‚ in font cmr8!
Missing character: There is no Ä in font cmr8!
Missing character: There is no ù in font cmr8!
) [17] (./p.aux)

LaTeX Font Warning: Size substitutions with differences
(Font)              up to 1.0pt have occurred.

 )
(\end occurred when \ifx on line 89 was incomplete)
(\end occurred when \ifx on line 89 was incomplete)
(\end occurred when \ifx on line 89 was incomplete)
(\end occurred when \ifx on line 89 was incomplete)
(\end occurred when \ifx on line 89 was incomplete)
(\end occurred when \ifx on line 89 was incomplete)
(\end occurred when \ifx on line 89 was incomplete)
(\end occurred when \ifx on line 89 was incomplete)
(\end occurred when \ifx on line 89 was incomplete)
(\end occurred when \ifx on line 89 was incomplete)
(\end occurred when \ifx on line 86 was incomplete)
(\end occurred when \ifx on line 86 was incomplete)
(\end occurred when \ifx on line 86 was incomplete)
(\end occurred when \ifx on line 86 was incomplete)
(\end occurred when \ifx on line 86 was incomplete)
(\end occurred when \ifx on line 86 was incomplete)
(\end occurred when \ifx on line 86 was incomplete)
(\end occurred when \ifx on line 86 was incomplete)
(\end occurred when \ifx on line 86 was incomplete)
(\end occurred when \ifx on line 86 was incomplete)
(\end occurred when \ifx on line 81 was incomplete)
(\end occurred when \ifx on line 81 was incomplete)
(\end occurred when \ifx on line 81 was incomplete)
(\end occurred when \ifx on line 81 was incomplete)
(\end occurred when \ifx on line 81 was incomplete)
(\end occurred when \ifx on line 81 was incomplete)
(\end occurred when \ifx on line 81 was incomplete)
(\end occurred when \ifx on line 81 was incomplete)
(\end occurred when \ifx on line 81 was incomplete)
(\end occurred when \ifx on line 81 was incomplete)
(\end occurred when \ifx on line 71 was incomplete)
(\end occurred when \ifx on line 71 was incomplete)
(\end occurred when \ifx on line 71 was incomplete)
(\end occurred when \ifx on line 71 was incomplete)
(\end occurred when \ifx on line 71 was incomplete)
(\end occurred when \ifx on line 71 was incomplete)
(\end occurred when \ifx on line 71 was incomplete)
(\end occurred when \ifx on line 71 was incomplete)
(\end occurred when \ifx on line 71 was incomplete)
(\end occurred when \ifx on line 71 was incomplete)
(\end occurred when \ifx on line 71 was incomplete)
(\end occurred when \ifx on line 71 was incomplete)
(\end occurred when \ifx on line 71 was incomplete)
(\end occurred when \ifx on line 71 was incomplete)
(\end occurred when \ifx on line 71 was incomplete)
(\end occurred when \ifx on line 71 was incomplete)
(\end occurred when \ifx on line 71 was incomplete)
(\end occurred when \ifx on line 71 was incomplete)
(\end occurred when \ifx on line 71 was incomplete)
(\end occurred when \ifx on line 71 was incomplete)
(\end occurred when \ifx on line 71 was incomplete)
(\end occurred when \ifx on line 71 was incomplete)
(\end occurred when \ifx on line 71 was incomplete)
(\end occurred when \ifx on line 71 was incomplete)
(\end occurred when \ifx on line 71 was incomplete)
(\end occurred when \ifx on line 71 was incomplete)
(\end occurred when \ifx on line 71 was incomplete)
(\end occurred when \ifx on line 71 was incomplete)
(\end occurred when \ifx on line 71 was incomplete)
(\end occurred when \ifx on line 71 was incomplete)
(\end occurred when \ifx on line 64 was incomplete)
(\end occurred when \ifx on line 64 was incomplete)
(\end occurred when \ifx on line 64 was incomplete)
(\end occurred when \ifx on line 64 was incomplete)
(\end occurred when \ifx on line 64 was incomplete)
(\end occurred when \ifx on line 64 was incomplete)
(\end occurred when \ifx on line 64 was incomplete)
(\end occurred when \ifx on line 64 was incomplete)
(\end occurred when \ifx on line 64 was incomplete)
(\end occurred when \ifx on line 64 was incomplete)
(\end occurred when \ifx on line 64 was incomplete)
(\end occurred when \ifx on line 64 was incomplete)
(\end occurred when \ifx on line 64 was incomplete)
(\end occurred when \ifx on line 64 was incomplete)
(\end occurred when \ifx on line 64 was incomplete)
(\end occurred when \ifx on line 64 was incomplete)
(\end occurred when \ifx on line 64 was incomplete)
(\end occurred when \ifx on line 64 was incomplete)
(\end occurred when \ifx on line 64 was incomplete)
(\end occurred when \ifx on line 64 was incomplete)
(\end occurred when \ifx on line 64 was incomplete)
(\end occurred when \ifx on line 64 was incomplete)
(\end occurred when \ifx on line 64 was incomplete)
(\end occurred when \ifx on line 64 was incomplete)
(\end occurred when \ifx on line 64 was incomplete)
(\end occurred when \ifx on line 64 was incomplete)
(\end occurred when \ifx on line 64 was incomplete)
(\end occurred when \ifx on line 64 was incomplete)
(\end occurred when \ifx on line 64 was incomplete)
(\end occurred when \ifx on line 64 was incomplete) 
Here is how much of TeX's memory you used:
 5894 strings out of 495034
 88999 string characters out of 6181678
 187119 words of memory out of 5000000
 8818 multiletter control sequences out of 15000+600000
 22474 words of font info for 142 fonts, out of 8000000 for 9000
 14 hyphenation exceptions out of 8191
 44i,14n,42p,236b,593s stack positions out of 5000i,500n,10000p,200000b,80000s
</usr/share/texlive/texmf-di
st/fonts/type1/public/amsfonts/cmextra/cmbsy9.pfb></usr/share/texlive/texmf-dis
t/fonts/type1/public/amsfonts/cm/cmbx12.pfb></usr/share/texlive/texmf-dist/font
s/type1/public/amsfonts/cm/cmbx8.pfb></usr/share/texlive/texmf-dist/fonts/type1
/public/amsfonts/cm/cmbx9.pfb></usr/share/texlive/texmf-dist/fonts/type1/public
/amsfonts/cm/cmcsc10.pfb></usr/share/texlive/texmf-dist/fonts/type1/public/amsf
onts/cm/cmex10.pfb></usr/share/texlive/texmf-dist/fonts/type1/public/amsfonts/c
m/cmmi7.pfb></usr/share/texlive/texmf-dist/fonts/type1/public/amsfonts/cm/cmmi8
.pfb></usr/share/texlive/texmf-dist/fonts/type1/public/amsfonts/cm/cmmi9.pfb></
usr/share/texlive/texmf-dist/fonts/type1/public/amsfonts/cmextra/cmmib6.pfb></u
sr/share/texlive/texmf-dist/fonts/type1/public/amsfonts/cmextra/cmmib8.pfb></us
r/share/texlive/texmf-dist/fonts/type1/public/amsfonts/cmextra/cmmib9.pfb></usr
/share/texlive/texmf-dist/fonts/type1/public/amsfonts/cm/cmr6.pfb></usr/share/t
exlive/texmf-dist/fonts/type1/public/amsfonts/cm/cmr7.pfb></usr/share/texlive/t
exmf-dist/fonts/type1/public/amsfonts/cm/cmr8.pfb></usr/share/texlive/texmf-dis
t/fonts/type1/public/amsfonts/cm/cmr9.pfb></usr/share/texlive/texmf-dist/fonts/
type1/public/amsfonts/cm/cmsy6.pfb></usr/share/texlive/texmf-dist/fonts/type1/p
ublic/amsfonts/cm/cmsy7.pfb></usr/share/texlive/texmf-dist/fonts/type1/public/a
msfonts/cm/cmsy8.pfb></usr/share/texlive/texmf-dist/fonts/type1/public/amsfonts
/cm/cmsy9.pfb></usr/share/texlive/texmf-dist/fonts/type1/public/amsfonts/cm/cmt
i8.pfb></usr/share/texlive/texmf-dist/fonts/type1/public/amsfonts/cm/cmti9.pfb>
</usr/share/texlive/texmf-dist/fonts/type1/public/amsfonts/cm/cmtt9.pfb></usr/s
hare/texlive/texmf-dist/fonts/type1/public/amsfonts/latxfont/lasy9.pfb></usr/sh
are/texlive/texmf-dist/fonts/type1/public/amsfonts/symbols/msbm10.pfb>
Output written on p.pdf (17 pages, 344767 bytes).
PDF statistics:
 174 PDF objects out of 1000 (max. 8388607)
 124 compressed objects within 2 object streams
 0 named destinations out of 1000 (max. 500000)
 13835 words of extra memory for PDF output out of 14400 (max. 10000000)

