\BOOKMARK [0][-]{chapter*.2}{Summary}{}% 1
\BOOKMARK [0][-]{chapter*.3}{Samenvatting}{}% 2
\BOOKMARK [0][-]{chapter*.4}{Preface}{}% 3
\BOOKMARK [0][-]{chapter.1}{Introduction}{}% 4
\BOOKMARK [1][-]{section.1.1}{NS\040Group\040and\040NedTrain}{chapter.1}% 5
\BOOKMARK [1][-]{section.1.2}{NedTrain's\040Research\040&\040Development\040program}{chapter.1}% 6
\BOOKMARK [1][-]{section.1.3}{Basic\040issues\040with\040maintenance\040scheduling}{chapter.1}% 7
\BOOKMARK [1][-]{section.1.4}{Research\040Problems}{chapter.1}% 8
\BOOKMARK [1][-]{section.1.5}{Organization\040of\040the\040thesis}{chapter.1}% 9
\BOOKMARK [-1][-]{part.1}{I\040Simple\040Temporal\040Problems}{}% 10
\BOOKMARK [0][-]{chapter.2}{Preliminaries}{part.1}% 11
\BOOKMARK [1][-]{section.2.1}{Simple\040Temporal\040Problems}{chapter.2}% 12
\BOOKMARK [2][-]{subsection.2.1.1}{Forming\040a\040feasible\040solution}{section.2.1}% 13
\BOOKMARK [1][-]{section.2.2}{Flexibility\040metrics}{chapter.2}% 14
\BOOKMARK [1][-]{section.2.3}{Temporal\040decoupling}{chapter.2}% 15
\BOOKMARK [1][-]{section.2.4}{Resource\040constraints}{chapter.2}% 16
\BOOKMARK [1][-]{section.2.5}{Research\040Questions}{chapter.2}% 17
\BOOKMARK [0][-]{chapter.3}{Temporal\040decoupling}{part.1}% 18
\BOOKMARK [1][-]{section.3.1}{Introduction}{chapter.3}% 19
\BOOKMARK [1][-]{section.3.2}{Preliminaries}{chapter.3}% 20
\BOOKMARK [1][-]{section.3.3}{The\040naive\040and\040the\040concurrent\040flexibility\040metric}{chapter.3}% 21
\BOOKMARK [1][-]{section.3.4}{Concurrent\040flexibility\040by\040minimum\040matching}{chapter.3}% 22
\BOOKMARK [1][-]{section.3.5}{From\040O\(n5\)\040to\040O\(n3\)\040to\040compute\040flexibility}{chapter.3}% 23
\BOOKMARK [1][-]{section.3.6}{Conclusion}{chapter.3}% 24
\BOOKMARK [0][-]{chapter.4}{Dynamic\040temporal\040decoupling}{part.1}% 25
\BOOKMARK [1][-]{section.4.1}{Introduction}{chapter.4}% 26
\BOOKMARK [1][-]{section.4.2}{Preliminaries}{chapter.4}% 27
\BOOKMARK [1][-]{section.4.3}{Total\040decoupling\040by\040minimum\040matching}{chapter.4}% 28
\BOOKMARK [1][-]{section.4.4}{Dynamic\040Decoupling\040by\040updating}{chapter.4}% 29
\BOOKMARK [1][-]{section.4.5}{A\040fast\040heuristic\040for\040updating}{chapter.4}% 30
\BOOKMARK [1][-]{section.4.6}{Experimental\040Evaluation}{chapter.4}% 31
\BOOKMARK [1][-]{section.4.7}{Conclusions\040and\040Discussion}{chapter.4}% 32
\BOOKMARK [-1][-]{part.2}{II\040Stochastic\040Task\040Networks}{}% 33
\BOOKMARK [0][-]{chapter.5}{Preliminaries}{part.2}% 34
\BOOKMARK [1][-]{section.5.1}{The\040makespan\040distribution\040problem}{chapter.5}% 35
\BOOKMARK [2][-]{subsection.5.1.1}{The\040makespan\040distribution\040problem\040in\040VLSI}{section.5.1}% 36
\BOOKMARK [1][-]{section.5.2}{Scheduling\040policies}{chapter.5}% 37
\BOOKMARK [1][-]{section.5.3}{Stability\040and\040robustness}{chapter.5}% 38
\BOOKMARK [1][-]{section.5.4}{Research\040Questions}{chapter.5}% 39
\BOOKMARK [0][-]{chapter.6}{Stable\040dispatching\040with\040resource\040constraints}{part.2}% 40
\BOOKMARK [1][-]{section.6.1}{Introduction}{chapter.6}% 41
\BOOKMARK [1][-]{section.6.2}{Preliminaries}{chapter.6}% 42
\BOOKMARK [2][-]{subsection.6.2.1}{Deterministic\040project\040scheduling}{section.6.2}% 43
\BOOKMARK [2][-]{subsection.6.2.2}{Reactive\040project\040scheduling}{section.6.2}% 44
\BOOKMARK [2][-]{subsection.6.2.3}{Proactive-reactive\040project\040scheduling}{section.6.2}% 45
\BOOKMARK [1][-]{section.6.3}{Proactive\040Stochastic\040RCPSP}{chapter.6}% 46
\BOOKMARK [1][-]{section.6.4}{Heuristic\040LP-based\040approach}{chapter.6}% 47
\BOOKMARK [2][-]{subsection.6.4.1}{Related\040work}{section.6.4}% 48
\BOOKMARK [1][-]{section.6.5}{Exact\040MILP-based\040approach}{chapter.6}% 49
\BOOKMARK [2][-]{subsection.6.5.1}{The\040RCPSP\040model\040of\040Artigues\040et\040al.}{section.6.5}% 50
\BOOKMARK [2][-]{subsection.6.5.2}{Extension\040for\040S-RCPSP}{section.6.5}% 51
\BOOKMARK [2][-]{subsection.6.5.3}{Extension\040for\040PS-RCPSP}{section.6.5}% 52
\BOOKMARK [1][-]{section.6.6}{Heuristic\040MILP-based\040approach}{chapter.6}% 53
\BOOKMARK [1][-]{section.6.7}{Experiments}{chapter.6}% 54
\BOOKMARK [1][-]{section.6.8}{Conclusions\040and\040future\040work}{chapter.6}% 55
\BOOKMARK [0][-]{chapter.7}{Stable\040dispatching\040via\040dynamic\040programming}{part.2}% 56
\BOOKMARK [1][-]{section.7.1}{Introduction}{chapter.7}% 57
\BOOKMARK [1][-]{section.7.2}{Problem\040definition}{chapter.7}% 58
\BOOKMARK [1][-]{section.7.3}{Fast\040computation\040of\040planned\040release-times}{chapter.7}% 59
\BOOKMARK [1][-]{section.7.4}{Conclusions\040and\040Discussion}{chapter.7}% 60
\BOOKMARK [-1][-]{part.3}{III\040Epilogue}{}% 61
\BOOKMARK [0][-]{chapter.8}{Conclusion}{part.3}% 62
\BOOKMARK [1][-]{section.8.1}{Answers\040to\040Research\040Questions}{chapter.8}% 63
\BOOKMARK [2][-]{subsection.8.1.1}{Research\040Question\040I.1}{section.8.1}% 64
\BOOKMARK [2][-]{subsection.8.1.2}{Research\040Question\040I.2}{section.8.1}% 65
\BOOKMARK [2][-]{subsection.8.1.3}{Research\040Question\040I.3}{section.8.1}% 66
\BOOKMARK [2][-]{subsection.8.1.4}{Research\040Question\040II.1}{section.8.1}% 67
\BOOKMARK [2][-]{subsection.8.1.5}{Research\040Question\040II.2}{section.8.1}% 68
\BOOKMARK [1][-]{section.8.2}{Solutions\040for\040Research\040Problems}{chapter.8}% 69
\BOOKMARK [2][-]{subsection.8.2.1}{Research\040Problem\040I}{section.8.2}% 70
\BOOKMARK [2][-]{subsection.8.2.2}{Research\040Problem\040II}{section.8.2}% 71
\BOOKMARK [1][-]{section.8.3}{Recommendations\040for\040future\040work}{chapter.8}% 72
\BOOKMARK [0][-]{appendix*.45}{List\040of\040Publications}{part.3}% 73
\BOOKMARK [1][-]{section*.46}{titleReferences}{appendix*.45}% 74
